#
# There is insufficient memory for the Java Runtime Environment to continue.
# Native memory allocation (malloc) failed to allocate 128320 bytes for Chunk::new
# Possible reasons:
#   The system is out of physical RAM or swap space
#   The process is running with CompressedOops enabled, and the Java Heap may be blocking the growth of the native heap
# Possible solutions:
#   Reduce memory load on the system
#   Increase physical memory or swap space
#   Check if swap backing store is full
#   Decrease Java heap size (-Xmx/-Xms)
#   Decrease number of Java threads
#   Decrease Java thread stack sizes (-Xss)
#   Set larger code cache with -XX:ReservedCodeCacheSize=
#   JVM is running with Unscaled Compressed Oops mode in which the Java heap is
#     placed in the first 4GB address space. The Java Heap base address is the
#     maximum limit for the native heap growth. Please use -XX:HeapBaseMinAddress
#     to set the Java Heap base and to place the Java Heap above 4GB virtual address.
# This output file may be truncated or incomplete.
#
#  Out of Memory Error (arena.cpp:189), pid=20200, tid=19536
#
# JRE version: Java(TM) SE Runtime Environment (17.0.2+8) (build 17.0.2+8-LTS-86)
# Java VM: Java HotSpot(TM) 64-Bit Server VM (17.0.2+8-LTS-86, mixed mode, sharing, tiered, compressed oops, compressed class ptrs, g1 gc, windows-amd64)
# No core dump will be written. Minidumps are not enabled by default on client versions of Windows
#

---------------  S U M M A R Y ------------

Command Line: -ea -Dfile.encoding=Cp1252 -XX:+ShowCodeDetailsInExceptionMessages org.testng.remote.RemoteTestNG -serport 61624 -protocol json -d C:\Users\tgandhi\eclipse-workspace\Netship_s\test-output C:\Users\tgandhi\AppData\Local\Temp\testng-eclipse-1525844997\testng-customsuite.xml

Host: Intel(R) Core(TM) i5-4570T CPU @ 2.90GHz, 4 cores, 7G,  Windows 8.1 , 64 bit Build 9600 (6.3.9600.17415)
Time: Thu Apr 28 17:40:25 2022 India Standard Time elapsed time: 0.618574 seconds (0d 0h 0m 0s)

---------------  T H R E A D  ---------------

Current thread (0x000000d94d3e4580):  JavaThread "C2 CompilerThread0" daemon [_thread_in_native, id=19536, stack(0x000000d94e6e0000,0x000000d94e7e0000)]


Current CompileTask:
C2:    618  495   !   4       jdk.internal.loader.URLClassPath$JarLoader::getResource (65 bytes)

Stack: [0x000000d94e6e0000,0x000000d94e7e0000]
Native frames: (J=compiled Java code, j=interpreted, Vv=VM code, C=native code)
V  [jvm.dll+0x670baa]
V  [jvm.dll+0x7cfcb4]
V  [jvm.dll+0x7d145e]
V  [jvm.dll+0x7d1ac3]
V  [jvm.dll+0x242bc5]
V  [jvm.dll+0xaa57b]
V  [jvm.dll+0xaab0c]
V  [jvm.dll+0x35fd07]
V  [jvm.dll+0x1b9b68]
V  [jvm.dll+0x215de9]
V  [jvm.dll+0x2150b1]
V  [jvm.dll+0x1a1bbd]
V  [jvm.dll+0x224908]
V  [jvm.dll+0x222a6c]
V  [jvm.dll+0x7859bb]
V  [jvm.dll+0x77ff7a]
V  [jvm.dll+0x66fa35]
C  [ucrtbase.DLL+0x1d912]
C  [KERNEL32.DLL+0x13d2]
C  [ntdll.dll+0x154e4]


---------------  P R O C E S S  ---------------

Threads class SMR info:
_java_thread_list=0x000000d94eab47d0, length=13, elements={
0x000000d92f860aa0, 0x000000d94d3c4cc0, 0x000000d94d3c6090, 0x000000d94d3d8ec0,
0x000000d94d3daaf0, 0x000000d94d3dcef0, 0x000000d94d3e13c0, 0x000000d94d3e4580,
0x000000d94d3e7450, 0x000000d94d400a30, 0x000000d94eab3460, 0x000000d94eac19e0,
0x000000d94eb031a0
}

Java Threads: ( => current thread )
  0x000000d92f860aa0 JavaThread "main" [_thread_in_vm, id=13828, stack(0x000000d92ef00000,0x000000d92f000000)]
  0x000000d94d3c4cc0 JavaThread "Reference Handler" daemon [_thread_blocked, id=7720, stack(0x000000d94e000000,0x000000d94e100000)]
  0x000000d94d3c6090 JavaThread "Finalizer" daemon [_thread_blocked, id=8780, stack(0x000000d94e100000,0x000000d94e200000)]
  0x000000d94d3d8ec0 JavaThread "Signal Dispatcher" daemon [_thread_blocked, id=21224, stack(0x000000d94e2e0000,0x000000d94e3e0000)]
  0x000000d94d3daaf0 JavaThread "Attach Listener" daemon [_thread_blocked, id=6704, stack(0x000000d94e3e0000,0x000000d94e4e0000)]
  0x000000d94d3dcef0 JavaThread "Service Thread" daemon [_thread_blocked, id=17764, stack(0x000000d94e4e0000,0x000000d94e5e0000)]
  0x000000d94d3e13c0 JavaThread "Monitor Deflation Thread" daemon [_thread_blocked, id=20636, stack(0x000000d94e5e0000,0x000000d94e6e0000)]
=>0x000000d94d3e4580 JavaThread "C2 CompilerThread0" daemon [_thread_in_native, id=19536, stack(0x000000d94e6e0000,0x000000d94e7e0000)]
  0x000000d94d3e7450 JavaThread "C1 CompilerThread0" daemon [_thread_in_native, id=19432, stack(0x000000d94e7e0000,0x000000d94e8e0000)]
  0x000000d94d400a30 JavaThread "Sweeper thread" daemon [_thread_blocked, id=19400, stack(0x000000d94e8e0000,0x000000d94e9e0000)]
  0x000000d94eab3460 JavaThread "Notification Thread" daemon [_thread_blocked, id=20836, stack(0x000000d94ede0000,0x000000d94eee0000)]
  0x000000d94eac19e0 JavaThread "Common-Cleaner" daemon [_thread_blocked, id=19200, stack(0x000000d94efe0000,0x000000d94f0e0000)]
  0x000000d94eb031a0 JavaThread "C2 CompilerThread1" daemon [_thread_in_native, id=18884, stack(0x000000d94f0e0000,0x000000d94f1e0000)]

Other Threads:
  0x000000d94d3bc820 VMThread "VM Thread" [stack: 0x000000d94d650000,0x000000d94d750000] [id=4472]
  0x000000d94eab7d50 WatcherThread [stack: 0x000000d94eee0000,0x000000d94efe0000] [id=11308]
  0x000000d92f89c950 GCTaskThread "GC Thread#0" [stack: 0x000000d92f680000,0x000000d92f780000] [id=15948]
  0x000000d92f8ad650 ConcurrentGCThread "G1 Main Marker" [stack: 0x000000d94ac00000,0x000000d94ad00000] [id=19172]
  0x000000d92f8aed60 ConcurrentGCThread "G1 Conc#0" [stack: 0x000000d94ad00000,0x000000d94ae00000] [id=18452]
  0x000000d92f8f4b80 ConcurrentGCThread "G1 Refine#0" [stack: 0x000000d94d450000,0x000000d94d550000] [id=21400]
  0x000000d94d282710 ConcurrentGCThread "G1 Service" [stack: 0x000000d94d550000,0x000000d94d650000] [id=8156]

Threads with active compile tasks:
C2 CompilerThread0      863  495   !   4       jdk.internal.loader.URLClassPath$JarLoader::getResource (65 bytes)
C1 CompilerThread0      863  508       3       java.lang.String::newStringUTF8NoRepl (276 bytes)
C2 CompilerThread1      863  492  s!   4       jdk.internal.loader.URLClassPath::getLoader (194 bytes)

VM state: not at safepoint (normal execution)

VM Mutex/Monitor currently owned by a thread:  ([mutex/lock_event])
[0x000000d92f85b4e0] Metaspace_lock - owner thread: 0x000000d92f860aa0

Heap address: 0x0000000081200000, size: 2030 MB, Compressed Oops mode: 32-bit

CDS archive(s) mapped at: [0x0000000800000000-0x0000000800bc0000-0x0000000800bc0000), size 12320768, SharedBaseAddress: 0x0000000800000000, ArchiveRelocationMode: 0.
Compressed class space mapped at: 0x0000000800c00000-0x0000000840c00000, reserved size: 1073741824
Narrow klass base: 0x0000000800000000, Narrow klass shift: 0, Narrow klass range: 0x100000000

GC Precious Log:
 CPUs: 4 total, 4 available
 Memory: 8114M
 Large Page Support: Disabled
 NUMA Support: Disabled
 Compressed Oops: Enabled (32-bit)
 Heap Region Size: 1M
 Heap Min Capacity: 8M
 Heap Initial Capacity: 128M
 Heap Max Capacity: 2030M
 Pre-touch: Disabled
 Parallel Workers: 4
 Concurrent Workers: 1
 Concurrent Refinement Workers: 4
 Periodic GC: Disabled

Heap:
 garbage-first heap   total 131072K, used 7168K [0x0000000081200000, 0x0000000100000000)
  region size 1024K, 8 young (8192K), 0 survivors (0K)
 Metaspace       used 1847K, committed 1920K, reserved 1056768K
  class space    used 185K, committed 256K, reserved 1048576K

Heap Regions: E=young(eden), S=young(survivor), O=old, HS=humongous(starts), HC=humongous(continues), CS=collection set, F=free, OA=open archive, CA=closed archive, TAMS=top-at-mark-start (previous, next)
|   0|0x0000000081200000, 0x0000000081200000, 0x0000000081300000|  0%| F|  |TAMS 0x0000000081200000, 0x0000000081200000| Untracked 
|   1|0x0000000081300000, 0x0000000081300000, 0x0000000081400000|  0%| F|  |TAMS 0x0000000081300000, 0x0000000081300000| Untracked 
|   2|0x0000000081400000, 0x0000000081400000, 0x0000000081500000|  0%| F|  |TAMS 0x0000000081400000, 0x0000000081400000| Untracked 
|   3|0x0000000081500000, 0x0000000081500000, 0x0000000081600000|  0%| F|  |TAMS 0x0000000081500000, 0x0000000081500000| Untracked 
|   4|0x0000000081600000, 0x0000000081600000, 0x0000000081700000|  0%| F|  |TAMS 0x0000000081600000, 0x0000000081600000| Untracked 
|   5|0x0000000081700000, 0x0000000081700000, 0x0000000081800000|  0%| F|  |TAMS 0x0000000081700000, 0x0000000081700000| Untracked 
|   6|0x0000000081800000, 0x0000000081800000, 0x0000000081900000|  0%| F|  |TAMS 0x0000000081800000, 0x0000000081800000| Untracked 
|   7|0x0000000081900000, 0x0000000081900000, 0x0000000081a00000|  0%| F|  |TAMS 0x0000000081900000, 0x0000000081900000| Untracked 
|   8|0x0000000081a00000, 0x0000000081a00000, 0x0000000081b00000|  0%| F|  |TAMS 0x0000000081a00000, 0x0000000081a00000| Untracked 
|   9|0x0000000081b00000, 0x0000000081b00000, 0x0000000081c00000|  0%| F|  |TAMS 0x0000000081b00000, 0x0000000081b00000| Untracked 
|  10|0x0000000081c00000, 0x0000000081c00000, 0x0000000081d00000|  0%| F|  |TAMS 0x0000000081c00000, 0x0000000081c00000| Untracked 
|  11|0x0000000081d00000, 0x0000000081d00000, 0x0000000081e00000|  0%| F|  |TAMS 0x0000000081d00000, 0x0000000081d00000| Untracked 
|  12|0x0000000081e00000, 0x0000000081e00000, 0x0000000081f00000|  0%| F|  |TAMS 0x0000000081e00000, 0x0000000081e00000| Untracked 
|  13|0x0000000081f00000, 0x0000000081f00000, 0x0000000082000000|  0%| F|  |TAMS 0x0000000081f00000, 0x0000000081f00000| Untracked 
|  14|0x0000000082000000, 0x0000000082000000, 0x0000000082100000|  0%| F|  |TAMS 0x0000000082000000, 0x0000000082000000| Untracked 
|  15|0x0000000082100000, 0x0000000082100000, 0x0000000082200000|  0%| F|  |TAMS 0x0000000082100000, 0x0000000082100000| Untracked 
|  16|0x0000000082200000, 0x0000000082200000, 0x0000000082300000|  0%| F|  |TAMS 0x0000000082200000, 0x0000000082200000| Untracked 
|  17|0x0000000082300000, 0x0000000082300000, 0x0000000082400000|  0%| F|  |TAMS 0x0000000082300000, 0x0000000082300000| Untracked 
|  18|0x0000000082400000, 0x0000000082400000, 0x0000000082500000|  0%| F|  |TAMS 0x0000000082400000, 0x0000000082400000| Untracked 
|  19|0x0000000082500000, 0x0000000082500000, 0x0000000082600000|  0%| F|  |TAMS 0x0000000082500000, 0x0000000082500000| Untracked 
|  20|0x0000000082600000, 0x0000000082600000, 0x0000000082700000|  0%| F|  |TAMS 0x0000000082600000, 0x0000000082600000| Untracked 
|  21|0x0000000082700000, 0x0000000082700000, 0x0000000082800000|  0%| F|  |TAMS 0x0000000082700000, 0x0000000082700000| Untracked 
|  22|0x0000000082800000, 0x0000000082800000, 0x0000000082900000|  0%| F|  |TAMS 0x0000000082800000, 0x0000000082800000| Untracked 
|  23|0x0000000082900000, 0x0000000082900000, 0x0000000082a00000|  0%| F|  |TAMS 0x0000000082900000, 0x0000000082900000| Untracked 
|  24|0x0000000082a00000, 0x0000000082a00000, 0x0000000082b00000|  0%| F|  |TAMS 0x0000000082a00000, 0x0000000082a00000| Untracked 
|  25|0x0000000082b00000, 0x0000000082b00000, 0x0000000082c00000|  0%| F|  |TAMS 0x0000000082b00000, 0x0000000082b00000| Untracked 
|  26|0x0000000082c00000, 0x0000000082c00000, 0x0000000082d00000|  0%| F|  |TAMS 0x0000000082c00000, 0x0000000082c00000| Untracked 
|  27|0x0000000082d00000, 0x0000000082d00000, 0x0000000082e00000|  0%| F|  |TAMS 0x0000000082d00000, 0x0000000082d00000| Untracked 
|  28|0x0000000082e00000, 0x0000000082e00000, 0x0000000082f00000|  0%| F|  |TAMS 0x0000000082e00000, 0x0000000082e00000| Untracked 
|  29|0x0000000082f00000, 0x0000000082f00000, 0x0000000083000000|  0%| F|  |TAMS 0x0000000082f00000, 0x0000000082f00000| Untracked 
|  30|0x0000000083000000, 0x0000000083000000, 0x0000000083100000|  0%| F|  |TAMS 0x0000000083000000, 0x0000000083000000| Untracked 
|  31|0x0000000083100000, 0x0000000083100000, 0x0000000083200000|  0%| F|  |TAMS 0x0000000083100000, 0x0000000083100000| Untracked 
|  32|0x0000000083200000, 0x0000000083200000, 0x0000000083300000|  0%| F|  |TAMS 0x0000000083200000, 0x0000000083200000| Untracked 
|  33|0x0000000083300000, 0x0000000083300000, 0x0000000083400000|  0%| F|  |TAMS 0x0000000083300000, 0x0000000083300000| Untracked 
|  34|0x0000000083400000, 0x0000000083400000, 0x0000000083500000|  0%| F|  |TAMS 0x0000000083400000, 0x0000000083400000| Untracked 
|  35|0x0000000083500000, 0x0000000083500000, 0x0000000083600000|  0%| F|  |TAMS 0x0000000083500000, 0x0000000083500000| Untracked 
|  36|0x0000000083600000, 0x0000000083600000, 0x0000000083700000|  0%| F|  |TAMS 0x0000000083600000, 0x0000000083600000| Untracked 
|  37|0x0000000083700000, 0x0000000083700000, 0x0000000083800000|  0%| F|  |TAMS 0x0000000083700000, 0x0000000083700000| Untracked 
|  38|0x0000000083800000, 0x0000000083800000, 0x0000000083900000|  0%| F|  |TAMS 0x0000000083800000, 0x0000000083800000| Untracked 
|  39|0x0000000083900000, 0x0000000083900000, 0x0000000083a00000|  0%| F|  |TAMS 0x0000000083900000, 0x0000000083900000| Untracked 
|  40|0x0000000083a00000, 0x0000000083a00000, 0x0000000083b00000|  0%| F|  |TAMS 0x0000000083a00000, 0x0000000083a00000| Untracked 
|  41|0x0000000083b00000, 0x0000000083b00000, 0x0000000083c00000|  0%| F|  |TAMS 0x0000000083b00000, 0x0000000083b00000| Untracked 
|  42|0x0000000083c00000, 0x0000000083c00000, 0x0000000083d00000|  0%| F|  |TAMS 0x0000000083c00000, 0x0000000083c00000| Untracked 
|  43|0x0000000083d00000, 0x0000000083d00000, 0x0000000083e00000|  0%| F|  |TAMS 0x0000000083d00000, 0x0000000083d00000| Untracked 
|  44|0x0000000083e00000, 0x0000000083e00000, 0x0000000083f00000|  0%| F|  |TAMS 0x0000000083e00000, 0x0000000083e00000| Untracked 
|  45|0x0000000083f00000, 0x0000000083f00000, 0x0000000084000000|  0%| F|  |TAMS 0x0000000083f00000, 0x0000000083f00000| Untracked 
|  46|0x0000000084000000, 0x0000000084000000, 0x0000000084100000|  0%| F|  |TAMS 0x0000000084000000, 0x0000000084000000| Untracked 
|  47|0x0000000084100000, 0x0000000084100000, 0x0000000084200000|  0%| F|  |TAMS 0x0000000084100000, 0x0000000084100000| Untracked 
|  48|0x0000000084200000, 0x0000000084200000, 0x0000000084300000|  0%| F|  |TAMS 0x0000000084200000, 0x0000000084200000| Untracked 
|  49|0x0000000084300000, 0x0000000084300000, 0x0000000084400000|  0%| F|  |TAMS 0x0000000084300000, 0x0000000084300000| Untracked 
|  50|0x0000000084400000, 0x0000000084400000, 0x0000000084500000|  0%| F|  |TAMS 0x0000000084400000, 0x0000000084400000| Untracked 
|  51|0x0000000084500000, 0x0000000084500000, 0x0000000084600000|  0%| F|  |TAMS 0x0000000084500000, 0x0000000084500000| Untracked 
|  52|0x0000000084600000, 0x0000000084600000, 0x0000000084700000|  0%| F|  |TAMS 0x0000000084600000, 0x0000000084600000| Untracked 
|  53|0x0000000084700000, 0x0000000084700000, 0x0000000084800000|  0%| F|  |TAMS 0x0000000084700000, 0x0000000084700000| Untracked 
|  54|0x0000000084800000, 0x0000000084800000, 0x0000000084900000|  0%| F|  |TAMS 0x0000000084800000, 0x0000000084800000| Untracked 
|  55|0x0000000084900000, 0x0000000084900000, 0x0000000084a00000|  0%| F|  |TAMS 0x0000000084900000, 0x0000000084900000| Untracked 
|  56|0x0000000084a00000, 0x0000000084a00000, 0x0000000084b00000|  0%| F|  |TAMS 0x0000000084a00000, 0x0000000084a00000| Untracked 
|  57|0x0000000084b00000, 0x0000000084b00000, 0x0000000084c00000|  0%| F|  |TAMS 0x0000000084b00000, 0x0000000084b00000| Untracked 
|  58|0x0000000084c00000, 0x0000000084c00000, 0x0000000084d00000|  0%| F|  |TAMS 0x0000000084c00000, 0x0000000084c00000| Untracked 
|  59|0x0000000084d00000, 0x0000000084d00000, 0x0000000084e00000|  0%| F|  |TAMS 0x0000000084d00000, 0x0000000084d00000| Untracked 
|  60|0x0000000084e00000, 0x0000000084e00000, 0x0000000084f00000|  0%| F|  |TAMS 0x0000000084e00000, 0x0000000084e00000| Untracked 
|  61|0x0000000084f00000, 0x0000000084f00000, 0x0000000085000000|  0%| F|  |TAMS 0x0000000084f00000, 0x0000000084f00000| Untracked 
|  62|0x0000000085000000, 0x0000000085000000, 0x0000000085100000|  0%| F|  |TAMS 0x0000000085000000, 0x0000000085000000| Untracked 
|  63|0x0000000085100000, 0x0000000085100000, 0x0000000085200000|  0%| F|  |TAMS 0x0000000085100000, 0x0000000085100000| Untracked 
|  64|0x0000000085200000, 0x0000000085200000, 0x0000000085300000|  0%| F|  |TAMS 0x0000000085200000, 0x0000000085200000| Untracked 
|  65|0x0000000085300000, 0x0000000085300000, 0x0000000085400000|  0%| F|  |TAMS 0x0000000085300000, 0x0000000085300000| Untracked 
|  66|0x0000000085400000, 0x0000000085400000, 0x0000000085500000|  0%| F|  |TAMS 0x0000000085400000, 0x0000000085400000| Untracked 
|  67|0x0000000085500000, 0x0000000085500000, 0x0000000085600000|  0%| F|  |TAMS 0x0000000085500000, 0x0000000085500000| Untracked 
|  68|0x0000000085600000, 0x0000000085600000, 0x0000000085700000|  0%| F|  |TAMS 0x0000000085600000, 0x0000000085600000| Untracked 
|  69|0x0000000085700000, 0x0000000085700000, 0x0000000085800000|  0%| F|  |TAMS 0x0000000085700000, 0x0000000085700000| Untracked 
|  70|0x0000000085800000, 0x0000000085800000, 0x0000000085900000|  0%| F|  |TAMS 0x0000000085800000, 0x0000000085800000| Untracked 
|  71|0x0000000085900000, 0x0000000085900000, 0x0000000085a00000|  0%| F|  |TAMS 0x0000000085900000, 0x0000000085900000| Untracked 
|  72|0x0000000085a00000, 0x0000000085a00000, 0x0000000085b00000|  0%| F|  |TAMS 0x0000000085a00000, 0x0000000085a00000| Untracked 
|  73|0x0000000085b00000, 0x0000000085b00000, 0x0000000085c00000|  0%| F|  |TAMS 0x0000000085b00000, 0x0000000085b00000| Untracked 
|  74|0x0000000085c00000, 0x0000000085c00000, 0x0000000085d00000|  0%| F|  |TAMS 0x0000000085c00000, 0x0000000085c00000| Untracked 
|  75|0x0000000085d00000, 0x0000000085d00000, 0x0000000085e00000|  0%| F|  |TAMS 0x0000000085d00000, 0x0000000085d00000| Untracked 
|  76|0x0000000085e00000, 0x0000000085e00000, 0x0000000085f00000|  0%| F|  |TAMS 0x0000000085e00000, 0x0000000085e00000| Untracked 
|  77|0x0000000085f00000, 0x0000000085f00000, 0x0000000086000000|  0%| F|  |TAMS 0x0000000085f00000, 0x0000000085f00000| Untracked 
|  78|0x0000000086000000, 0x0000000086000000, 0x0000000086100000|  0%| F|  |TAMS 0x0000000086000000, 0x0000000086000000| Untracked 
|  79|0x0000000086100000, 0x0000000086100000, 0x0000000086200000|  0%| F|  |TAMS 0x0000000086100000, 0x0000000086100000| Untracked 
|  80|0x0000000086200000, 0x0000000086200000, 0x0000000086300000|  0%| F|  |TAMS 0x0000000086200000, 0x0000000086200000| Untracked 
|  81|0x0000000086300000, 0x0000000086300000, 0x0000000086400000|  0%| F|  |TAMS 0x0000000086300000, 0x0000000086300000| Untracked 
|  82|0x0000000086400000, 0x0000000086400000, 0x0000000086500000|  0%| F|  |TAMS 0x0000000086400000, 0x0000000086400000| Untracked 
|  83|0x0000000086500000, 0x0000000086500000, 0x0000000086600000|  0%| F|  |TAMS 0x0000000086500000, 0x0000000086500000| Untracked 
|  84|0x0000000086600000, 0x0000000086600000, 0x0000000086700000|  0%| F|  |TAMS 0x0000000086600000, 0x0000000086600000| Untracked 
|  85|0x0000000086700000, 0x0000000086700000, 0x0000000086800000|  0%| F|  |TAMS 0x0000000086700000, 0x0000000086700000| Untracked 
|  86|0x0000000086800000, 0x0000000086800000, 0x0000000086900000|  0%| F|  |TAMS 0x0000000086800000, 0x0000000086800000| Untracked 
|  87|0x0000000086900000, 0x0000000086900000, 0x0000000086a00000|  0%| F|  |TAMS 0x0000000086900000, 0x0000000086900000| Untracked 
|  88|0x0000000086a00000, 0x0000000086a00000, 0x0000000086b00000|  0%| F|  |TAMS 0x0000000086a00000, 0x0000000086a00000| Untracked 
|  89|0x0000000086b00000, 0x0000000086b00000, 0x0000000086c00000|  0%| F|  |TAMS 0x0000000086b00000, 0x0000000086b00000| Untracked 
|  90|0x0000000086c00000, 0x0000000086c00000, 0x0000000086d00000|  0%| F|  |TAMS 0x0000000086c00000, 0x0000000086c00000| Untracked 
|  91|0x0000000086d00000, 0x0000000086d00000, 0x0000000086e00000|  0%| F|  |TAMS 0x0000000086d00000, 0x0000000086d00000| Untracked 
|  92|0x0000000086e00000, 0x0000000086e00000, 0x0000000086f00000|  0%| F|  |TAMS 0x0000000086e00000, 0x0000000086e00000| Untracked 
|  93|0x0000000086f00000, 0x0000000086f00000, 0x0000000087000000|  0%| F|  |TAMS 0x0000000086f00000, 0x0000000086f00000| Untracked 
|  94|0x0000000087000000, 0x0000000087000000, 0x0000000087100000|  0%| F|  |TAMS 0x0000000087000000, 0x0000000087000000| Untracked 
|  95|0x0000000087100000, 0x0000000087100000, 0x0000000087200000|  0%| F|  |TAMS 0x0000000087100000, 0x0000000087100000| Untracked 
|  96|0x0000000087200000, 0x0000000087200000, 0x0000000087300000|  0%| F|  |TAMS 0x0000000087200000, 0x0000000087200000| Untracked 
|  97|0x0000000087300000, 0x0000000087300000, 0x0000000087400000|  0%| F|  |TAMS 0x0000000087300000, 0x0000000087300000| Untracked 
|  98|0x0000000087400000, 0x0000000087400000, 0x0000000087500000|  0%| F|  |TAMS 0x0000000087400000, 0x0000000087400000| Untracked 
|  99|0x0000000087500000, 0x0000000087500000, 0x0000000087600000|  0%| F|  |TAMS 0x0000000087500000, 0x0000000087500000| Untracked 
| 100|0x0000000087600000, 0x0000000087600000, 0x0000000087700000|  0%| F|  |TAMS 0x0000000087600000, 0x0000000087600000| Untracked 
| 101|0x0000000087700000, 0x0000000087700000, 0x0000000087800000|  0%| F|  |TAMS 0x0000000087700000, 0x0000000087700000| Untracked 
| 102|0x0000000087800000, 0x0000000087800000, 0x0000000087900000|  0%| F|  |TAMS 0x0000000087800000, 0x0000000087800000| Untracked 
| 103|0x0000000087900000, 0x0000000087900000, 0x0000000087a00000|  0%| F|  |TAMS 0x0000000087900000, 0x0000000087900000| Untracked 
| 104|0x0000000087a00000, 0x0000000087a00000, 0x0000000087b00000|  0%| F|  |TAMS 0x0000000087a00000, 0x0000000087a00000| Untracked 
| 105|0x0000000087b00000, 0x0000000087b00000, 0x0000000087c00000|  0%| F|  |TAMS 0x0000000087b00000, 0x0000000087b00000| Untracked 
| 106|0x0000000087c00000, 0x0000000087c00000, 0x0000000087d00000|  0%| F|  |TAMS 0x0000000087c00000, 0x0000000087c00000| Untracked 
| 107|0x0000000087d00000, 0x0000000087d00000, 0x0000000087e00000|  0%| F|  |TAMS 0x0000000087d00000, 0x0000000087d00000| Untracked 
| 108|0x0000000087e00000, 0x0000000087e00000, 0x0000000087f00000|  0%| F|  |TAMS 0x0000000087e00000, 0x0000000087e00000| Untracked 
| 109|0x0000000087f00000, 0x0000000087f00000, 0x0000000088000000|  0%| F|  |TAMS 0x0000000087f00000, 0x0000000087f00000| Untracked 
| 110|0x0000000088000000, 0x0000000088000000, 0x0000000088100000|  0%| F|  |TAMS 0x0000000088000000, 0x0000000088000000| Untracked 
| 111|0x0000000088100000, 0x0000000088100000, 0x0000000088200000|  0%| F|  |TAMS 0x0000000088100000, 0x0000000088100000| Untracked 
| 112|0x0000000088200000, 0x0000000088200000, 0x0000000088300000|  0%| F|  |TAMS 0x0000000088200000, 0x0000000088200000| Untracked 
| 113|0x0000000088300000, 0x0000000088300000, 0x0000000088400000|  0%| F|  |TAMS 0x0000000088300000, 0x0000000088300000| Untracked 
| 114|0x0000000088400000, 0x0000000088400000, 0x0000000088500000|  0%| F|  |TAMS 0x0000000088400000, 0x0000000088400000| Untracked 
| 115|0x0000000088500000, 0x0000000088500000, 0x0000000088600000|  0%| F|  |TAMS 0x0000000088500000, 0x0000000088500000| Untracked 
| 116|0x0000000088600000, 0x0000000088600000, 0x0000000088700000|  0%| F|  |TAMS 0x0000000088600000, 0x0000000088600000| Untracked 
| 117|0x0000000088700000, 0x0000000088700000, 0x0000000088800000|  0%| F|  |TAMS 0x0000000088700000, 0x0000000088700000| Untracked 
| 118|0x0000000088800000, 0x0000000088800000, 0x0000000088900000|  0%| F|  |TAMS 0x0000000088800000, 0x0000000088800000| Untracked 
| 119|0x0000000088900000, 0x0000000088900000, 0x0000000088a00000|  0%| F|  |TAMS 0x0000000088900000, 0x0000000088900000| Untracked 
| 120|0x0000000088a00000, 0x0000000088a8bae8, 0x0000000088b00000| 54%| E|  |TAMS 0x0000000088a00000, 0x0000000088a00000| Complete 
| 121|0x0000000088b00000, 0x0000000088c00000, 0x0000000088c00000|100%| E|CS|TAMS 0x0000000088b00000, 0x0000000088b00000| Complete 
| 122|0x0000000088c00000, 0x0000000088d00000, 0x0000000088d00000|100%| E|CS|TAMS 0x0000000088c00000, 0x0000000088c00000| Complete 
| 123|0x0000000088d00000, 0x0000000088e00000, 0x0000000088e00000|100%| E|CS|TAMS 0x0000000088d00000, 0x0000000088d00000| Complete 
| 124|0x0000000088e00000, 0x0000000088f00000, 0x0000000088f00000|100%| E|CS|TAMS 0x0000000088e00000, 0x0000000088e00000| Complete 
| 125|0x0000000088f00000, 0x0000000089000000, 0x0000000089000000|100%| E|CS|TAMS 0x0000000088f00000, 0x0000000088f00000| Complete 
| 126|0x0000000089000000, 0x0000000089100000, 0x0000000089100000|100%| E|CS|TAMS 0x0000000089000000, 0x0000000089000000| Complete 
| 127|0x0000000089100000, 0x0000000089200000, 0x0000000089200000|100%| E|CS|TAMS 0x0000000089100000, 0x0000000089100000| Complete 

Card table byte_map: [0x000000d946480000,0x000000d946880000] _byte_map_base: 0x000000d946077000

Marking Bits (Prev, Next): (CMBitMap*) 0x000000d92f89cf60, (CMBitMap*) 0x000000d92f89cfa0
 Prev Bits: [0x000000d946c80000, 0x000000d948c38000)
 Next Bits: [0x000000d948c40000, 0x000000d94abf8000)

Polling page: 0x000000d92d670000

Metaspace:

Usage:
  Non-class:      1.62 MB used.
      Class:    185.63 KB used.
       Both:      1.80 MB used.

Virtual space:
  Non-class space:        8.00 MB reserved,       1.63 MB ( 20%) committed,  1 nodes.
      Class space:        1.00 GB reserved,     256.00 KB ( <1%) committed,  1 nodes.
             Both:        1.01 GB reserved,       1.88 MB ( <1%) committed. 

Chunk freelists:
   Non-Class:  3.42 MB
       Class:  3.66 MB
        Both:  7.08 MB

MaxMetaspaceSize: unlimited
CompressedClassSpaceSize: 1.00 GB
Initial GC threshold: 21.00 MB
Current GC threshold: 21.00 MB
CDS: on
MetaspaceReclaimPolicy: balanced
 - commit_granule_bytes: 65536.
 - commit_granule_words: 8192.
 - virtual_space_node_default_size: 1048576.
 - enlarge_chunks_in_place: 1.
 - new_chunks_are_fully_committed: 0.
 - uncommit_free_chunks: 1.
 - use_allocation_guard: 0.
 - handle_deallocations: 1.


Internal statistics:

num_allocs_failed_limit: 0.
num_arena_births: 12.
num_arena_deaths: 0.
num_vsnodes_births: 2.
num_vsnodes_deaths: 0.
num_space_committed: 30.
num_space_uncommitted: 0.
num_chunks_returned_to_freelist: 0.
num_chunks_taken_from_freelist: 56.
num_chunk_merges: 0.
num_chunk_splits: 29.
num_chunks_enlarged: 20.
num_purges: 0.
num_inconsistent_stats: 0.

CodeHeap 'non-profiled nmethods': size=120000Kb used=152Kb max_used=152Kb free=119848Kb
 bounds [0x000000d93eb50000, 0x000000d93edc0000, 0x000000d946080000]
CodeHeap 'profiled nmethods': size=120000Kb used=786Kb max_used=786Kb free=119213Kb
 bounds [0x000000d937620000, 0x000000d937890000, 0x000000d93eb50000]
CodeHeap 'non-nmethods': size=5760Kb used=1103Kb max_used=1121Kb free=4656Kb
 bounds [0x000000d937080000, 0x000000d9372f0000, 0x000000d937620000]
 total_blobs=882 nmethods=504 adapters=291
 compilation: enabled
              stopped_count=0, restarted_count=0
 full_count=0

Compilation events (20 events):
Event: 0.586 Thread 0x000000d94d3e7450 nmethod 490 0x000000d9376e0290 code [0x000000d9376e0460, 0x000000d9376e07b8]
Event: 0.586 Thread 0x000000d94eb031a0  491   !   4       jdk.internal.loader.URLClassPath$JarLoader::ensureOpen (36 bytes)
Event: 0.587 Thread 0x000000d94d3e4580 nmethod 484 0x000000d93eb72990 code [0x000000d93eb72b80, 0x000000d93eb73890]
Event: 0.588 Thread 0x000000d94eb031a0 nmethod 491 0x000000d93eb74310 code [0x000000d93eb744c0, 0x000000d93eb74638]
Event: 0.588 Thread 0x000000d94eb031a0  492  s!   4       jdk.internal.loader.URLClassPath::getLoader (194 bytes)
Event: 0.589 Thread 0x000000d94d3e7450  493       3       java.lang.String::equalsIgnoreCase (45 bytes)
Event: 0.589 Thread 0x000000d94d3e7450 nmethod 493 0x000000d9376e0910 code [0x000000d9376e0b00, 0x000000d9376e1068]
Event: 0.590 Thread 0x000000d94d3e4580  494       4       java.util.jar.JarFile::getEntry (35 bytes)
Event: 0.597 Thread 0x000000d94d3e4580 nmethod 494 0x000000d93eb74790 code [0x000000d93eb749e0, 0x000000d93eb75218]
Event: 0.598 Thread 0x000000d94d3e4580  495   !   4       jdk.internal.loader.URLClassPath$JarLoader::getResource (65 bytes)
Event: 0.600 Thread 0x000000d94d3e7450  496       3       java.lang.ref.SoftReference::get (29 bytes)
Event: 0.600 Thread 0x000000d94d3e7450 nmethod 496 0x000000d9376e1290 code [0x000000d9376e1420, 0x000000d9376e15f8]
Event: 0.604 Thread 0x000000d94d3e7450  497       1       java.util.jar.Manifest::getMainAttributes (5 bytes)
Event: 0.604 Thread 0x000000d94d3e7450 nmethod 497 0x000000d93eb75710 code [0x000000d93eb758a0, 0x000000d93eb75978]
Event: 0.607 Thread 0x000000d94d3e7450  498       1       java.util.jar.Manifest::getEntries (5 bytes)
Event: 0.607 Thread 0x000000d94d3e7450 nmethod 498 0x000000d93eb75a10 code [0x000000d93eb75ba0, 0x000000d93eb75c78]
Event: 0.607 Thread 0x000000d94d3e7450  499  s    3       jdk.internal.loader.Resource::cachedInputStream (20 bytes)
Event: 0.607 Thread 0x000000d94d3e7450 nmethod 499 0x000000d9376e1690 code [0x000000d9376e1840, 0x000000d9376e1be8]
Event: 0.608 Thread 0x000000d94d3e7450  500       1       java.util.zip.ZipEntry::getCrc (5 bytes)
Event: 0.608 Thread 0x000000d94d3e7450 nmethod 500 0x000000d93eb75d10 code [0x000000d93eb75ea0, 0x000000d93eb75f78]

GC Heap History (0 events):
No events

Deoptimization events (12 events):
Event: 0.077 Thread 0x000000d92f860aa0 Uncommon trap: trap_request=0xffffff45 fr.pc=0x000000d93eb50ef4 relative=0x0000000000000074
Event: 0.077 Thread 0x000000d92f860aa0 Uncommon trap: reason=unstable_if action=reinterpret pc=0x000000d93eb50ef4 method=java.lang.String.isLatin1()Z @ 10 c2
Event: 0.077 Thread 0x000000d92f860aa0 DEOPT PACKING pc=0x000000d93eb50ef4 sp=0x000000d92effed00
Event: 0.077 Thread 0x000000d92f860aa0 DEOPT UNPACKING pc=0x000000d9370d23a3 sp=0x000000d92effec40 mode 2
Event: 0.172 Thread 0x000000d92f860aa0 DEOPT PACKING pc=0x000000d93762a0e7 sp=0x000000d92effa0a0
Event: 0.172 Thread 0x000000d92f860aa0 DEOPT UNPACKING pc=0x000000d9370d2b43 sp=0x000000d92eff94c0 mode 0
Event: 0.198 Thread 0x000000d92f860aa0 DEOPT PACKING pc=0x000000d937627cd1 sp=0x000000d92effa060
Event: 0.198 Thread 0x000000d92f860aa0 DEOPT UNPACKING pc=0x000000d9370d2b43 sp=0x000000d92eff94d8 mode 0
Event: 0.508 Thread 0x000000d92f860aa0 Uncommon trap: trap_request=0xffffff45 fr.pc=0x000000d93eb5a6e4 relative=0x0000000000000064
Event: 0.508 Thread 0x000000d92f860aa0 Uncommon trap: reason=unstable_if action=reinterpret pc=0x000000d93eb5a6e4 method=java.io.WinNTFileSystem.isSlash(C)Z @ 9 c2
Event: 0.508 Thread 0x000000d92f860aa0 DEOPT PACKING pc=0x000000d93eb5a6e4 sp=0x000000d92effe8b0
Event: 0.508 Thread 0x000000d92f860aa0 DEOPT UNPACKING pc=0x000000d9370d23a3 sp=0x000000d92effe838 mode 2

Classes unloaded (0 events):
No events

Classes redefined (0 events):
No events

Internal exceptions (1 events):
Event: 0.556 Thread 0x000000d92f860aa0 Exception <a 'java/lang/NoSuchMethodError'{0x0000000088bf7c80}: 'int java.lang.invoke.DirectMethodHandle$Holder.invokeStaticInit(java.lang.Object, java.lang.Object)'> (0x0000000088bf7c80) 
thrown [t:\workspace\open\src\hotspot\share\interpreter\linkResolver.cpp, line 766]

VM Operations (4 events):
Event: 0.101 Executing VM operation: HandshakeAllThreads
Event: 0.107 Executing VM operation: HandshakeAllThreads done
Event: 0.507 Executing VM operation: HandshakeAllThreads
Event: 0.507 Executing VM operation: HandshakeAllThreads done

Events (20 events):
Event: 0.507 loading class sun/net/www/URLConnection done
Event: 0.507 loading class sun/net/www/protocol/file/FileURLConnection done
Event: 0.507 loading class sun/net/www/MessageHeader
Event: 0.507 loading class sun/net/www/MessageHeader done
Event: 0.507 loading class sun/net/www/protocol/jar/URLJarFile
Event: 0.507 loading class sun/net/www/protocol/jar/URLJarFile done
Event: 0.508 loading class sun/net/www/protocol/jar/URLJarFile$URLJarFileEntry
Event: 0.508 loading class sun/net/www/protocol/jar/URLJarFile$URLJarFileEntry done
Event: 0.508 loading class sun/net/www/protocol/jar/JarURLConnection$JarURLInputStream
Event: 0.508 loading class sun/net/www/protocol/jar/JarURLConnection$JarURLInputStream done
Event: 0.525 loading class java/net/URLClassLoader
Event: 0.525 loading class java/net/URLClassLoader done
Event: 0.526 loading class java/util/concurrent/BlockingQueue
Event: 0.527 loading class java/util/concurrent/BlockingQueue done
Event: 0.544 loading class java/util/BitSet
Event: 0.544 loading class java/util/BitSet done
Event: 0.561 loading class java/io/StringWriter
Event: 0.562 loading class java/io/StringWriter done
Event: 0.562 loading class java/io/StringReader
Event: 0.562 loading class java/io/StringReader done


Dynamic libraries:
0x00007ff732f70000 - 0x00007ff732f80000 	C:\Program Files\Java\jdk-17.0.2\bin\javaw.exe
0x00007ff941330000 - 0x00007ff9414dd000 	C:\windows\SYSTEM32\ntdll.dll
0x00007ff93f1e0000 - 0x00007ff93f31e000 	C:\windows\system32\KERNEL32.DLL
0x00007ff93e700000 - 0x00007ff93e815000 	C:\windows\system32\KERNELBASE.dll
0x00007ff937d70000 - 0x00007ff937d88000 	C:\Program Files\Java\jdk-17.0.2\bin\jli.dll
0x00007ff937d00000 - 0x00007ff937d1a000 	C:\Program Files\Java\jdk-17.0.2\bin\VCRUNTIME140.dll
0x00007ff937da0000 - 0x00007ff937da4000 	C:\Program Files\Java\jdk-17.0.2\bin\api-ms-win-crt-stdio-l1-1-0.dll
0x00007ff937cf0000 - 0x00007ff937cf4000 	C:\Program Files\Java\jdk-17.0.2\bin\api-ms-win-crt-runtime-l1-1-0.dll
0x00007ff937b30000 - 0x00007ff937b33000 	C:\Program Files\Java\jdk-17.0.2\bin\api-ms-win-crt-environment-l1-1-0.dll
0x00007ff937b20000 - 0x00007ff937b25000 	C:\Program Files\Java\jdk-17.0.2\bin\api-ms-win-crt-math-l1-1-0.dll
0x00007ff937af0000 - 0x00007ff937af3000 	C:\Program Files\Java\jdk-17.0.2\bin\api-ms-win-crt-locale-l1-1-0.dll
0x00007ff935ad0000 - 0x00007ff935ad3000 	C:\Program Files\Java\jdk-17.0.2\bin\api-ms-win-crt-heap-l1-1-0.dll
0x00007ff941270000 - 0x00007ff94131a000 	C:\windows\system32\ADVAPI32.dll
0x00007ff93bbb0000 - 0x00007ff93be2b000 	C:\windows\WinSxS\amd64_microsoft.windows.common-controls_6595b64144ccf1df_6.0.9600.18006_none_623f33d3ecbe86e8\COMCTL32.dll
0x00007ff93ef10000 - 0x00007ff93f087000 	C:\windows\system32\USER32.dll
0x00007ff93a1c0000 - 0x00007ff93a1ca000 	C:\windows\SYSTEM32\VERSION.dll
0x00007ff935920000 - 0x00007ff935923000 	C:\Program Files\Java\jdk-17.0.2\bin\api-ms-win-crt-filesystem-l1-1-0.dll
0x00007ff935910000 - 0x00007ff935914000 	C:\Program Files\Java\jdk-17.0.2\bin\api-ms-win-crt-string-l1-1-0.dll
0x00007ff935700000 - 0x00007ff935704000 	C:\Program Files\Java\jdk-17.0.2\bin\api-ms-win-crt-convert-l1-1-0.dll
0x00007ff940c90000 - 0x00007ff940d3a000 	C:\windows\system32\msvcrt.dll
0x00007ff940f60000 - 0x00007ff940fb9000 	C:\windows\SYSTEM32\sechost.dll
0x00007ff93ed50000 - 0x00007ff93ee90000 	C:\windows\system32\RPCRT4.dll
0x00007ff93f090000 - 0x00007ff93f1df000 	C:\windows\system32\GDI32.dll
0x00007ff932de0000 - 0x00007ff932eda000 	C:\Program Files\Java\jdk-17.0.2\bin\ucrtbase.DLL
0x00007ff93e980000 - 0x00007ff93e9ae000 	C:\windows\system32\SspiCli.dll
0x00007ff93e9b0000 - 0x00007ff93e9e6000 	C:\windows\system32\IMM32.DLL
0x00007ff940ac0000 - 0x00007ff940c12000 	C:\windows\system32\MSCTF.dll
0x00007ff9356d0000 - 0x00007ff9356dc000 	C:\Program Files\Java\jdk-17.0.2\bin\vcruntime140_1.dll
0x00007ff934050000 - 0x00007ff9340dd000 	C:\Program Files\Java\jdk-17.0.2\bin\msvcp140.dll
0x00007ff9356c0000 - 0x00007ff9356c3000 	C:\Program Files\Java\jdk-17.0.2\bin\api-ms-win-crt-time-l1-1-0.dll
0x00007ff935320000 - 0x00007ff935323000 	C:\Program Files\Java\jdk-17.0.2\bin\api-ms-win-crt-utility-l1-1-0.dll
0x00007ff906f40000 - 0x00007ff907b01000 	C:\Program Files\Java\jdk-17.0.2\bin\server\jvm.dll
0x00007ff9278e0000 - 0x00007ff9278e9000 	C:\windows\SYSTEM32\WSOCK32.dll
0x00007ff929670000 - 0x00007ff929692000 	C:\windows\SYSTEM32\WINMM.dll
0x00007ff93ef00000 - 0x00007ff93ef07000 	C:\windows\system32\PSAPI.DLL
0x00007ff940a60000 - 0x00007ff940aba000 	C:\windows\system32\WS2_32.dll
0x00007ff929640000 - 0x00007ff92966a000 	C:\windows\SYSTEM32\WINMMBASE.dll
0x00007ff93eef0000 - 0x00007ff93eef9000 	C:\windows\system32\NSI.dll
0x00007ff93e930000 - 0x00007ff93e97f000 	C:\windows\SYSTEM32\cfgmgr32.dll
0x00007ff93d280000 - 0x00007ff93d2a8000 	C:\windows\SYSTEM32\DEVOBJ.dll
0x00007ff93c380000 - 0x00007ff93c38a000 	C:\Program Files\Java\jdk-17.0.2\bin\jimage.dll
0x00007ff938130000 - 0x00007ff9382b9000 	C:\windows\SYSTEM32\DBGHELP.DLL
0x00007ff93c350000 - 0x00007ff93c375000 	C:\Program Files\Java\jdk-17.0.2\bin\java.dll
0x00007ff93c270000 - 0x00007ff93c346000 	C:\Program Files\Java\jdk-17.0.2\bin\jsvml.dll
0x00007ff93f330000 - 0x00007ff940858000 	C:\windows\system32\SHELL32.dll
0x00007ff940d40000 - 0x00007ff940f51000 	C:\windows\SYSTEM32\combase.dll
0x00007ff93ee90000 - 0x00007ff93eee4000 	C:\windows\system32\SHLWAPI.dll
0x00007ff93ca50000 - 0x00007ff93cb02000 	C:\windows\SYSTEM32\SHCORE.dll
0x00007ff93e450000 - 0x00007ff93e465000 	C:\windows\SYSTEM32\profapi.dll
0x00007ff93b8a0000 - 0x00007ff93b8b9000 	C:\Program Files\Java\jdk-17.0.2\bin\net.dll
0x00007ff925e20000 - 0x00007ff925ee7000 	C:\windows\SYSTEM32\WINHTTP.dll
0x00007ff93dc90000 - 0x00007ff93dce9000 	C:\windows\system32\mswsock.dll
0x00007ff939470000 - 0x00007ff939486000 	C:\Program Files\Java\jdk-17.0.2\bin\nio.dll
0x00007ff938000000 - 0x00007ff938018000 	C:\Program Files\Java\jdk-17.0.2\bin\zip.dll

dbghelp: loaded successfully - version: 4.0.5 - missing functions: none
symbol engine: initialized successfully - sym options: 0x614 - pdb path: .;C:\Program Files\Java\jdk-17.0.2\bin;C:\windows\SYSTEM32;C:\windows\WinSxS\amd64_microsoft.windows.common-controls_6595b64144ccf1df_6.0.9600.18006_none_623f33d3ecbe86e8;C:\Program Files\Java\jdk-17.0.2\bin\server

VM Arguments:
jvm_args: -ea -Dfile.encoding=Cp1252 -XX:+ShowCodeDetailsInExceptionMessages 
java_command: org.testng.remote.RemoteTestNG -serport 61624 -protocol json -d C:\Users\tgandhi\eclipse-workspace\Netship_s\test-output C:\Users\tgandhi\AppData\Local\Temp\testng-eclipse-1525844997\testng-customsuite.xml
java_class_path (initial): C:\Users\tgandhi\eclipse\java-2021-12\eclipse\configuration\org.eclipse.osgi\435\0\.cp\lib\testng-remote.jar;C:\Users\tgandhi\eclipse-workspace\Netship_s\bin;D:\Tathya\selenium\jar_files\cglib-nodep-3.2.4.jar;D:\Tathya\selenium\jar_files\commons-codec-1.10.jar;D:\Tathya\selenium\jar_files\commons-exec-1.3.jar;D:\Tathya\selenium\jar_files\commons-logging-1.2.jar;D:\Tathya\selenium\jar_files\gson-2.8.0.jar;D:\Tathya\selenium\jar_files\guava-21.0.jar;D:\Tathya\selenium\jar_files\httpclient-4.5.3.jar;D:\Tathya\selenium\jar_files\httpcore-4.4.6.jar;D:\Tathya\selenium\jar_files\jna-4.1.0.jar;D:\Tathya\selenium\jar_files\jna-platform-4.1.0.jar;D:\Tathya\selenium\jar_files\selenium-api-3.4.0.jar;D:\Tathya\selenium\jar_files\selenium-chrome-driver-3.4.0.jar;D:\Tathya\selenium\jar_files\selenium-remote-driver-3.4.0.jar;D:\Tathya\selenium\Webdriver All Jar Files-20210819T041950Z-001\Webdriver All Jar Files\activation-1.1.1.jar;D:\Tathya\selenium\Webdriver All Jar Files-20210819T041950Z-001\Webdriver All Jar Files\byte-buddy-1.8.3.jar;D:\Tathya\selenium\Webdriver All Jar Files-20210819T041950Z-001\Webdriver All Jar Files\byte-buddy-1.8.15.jar;D:\Tathya\selenium\Webdriver All Jar Files-20210819T041950Z-001\Webdriver All Jar Files\client-combined-3.13.0.jar;D:\Tathya\selenium\Webdriver All Jar Files-20210819T041950Z-001\Webdriver All Jar Files\client-combined-3.13.0-sources.jar;D:\Tathya\selenium\Webdriver All Jar Files-20210819T041950Z-001\Webdriver All Jar Files\client-combined-3.141.59.jar;D:\Tathya\selenium\Webdriver All Jar Files-20210819T041950Z-001\Webdriver All Jar Files\client-combined-3.141.59-sources.jar;D:\Tathya\selenium\Webdriver All Jar Files-20210819T041950Z-001\Webdriver All Jar Files\commons-codec-1.10.jar;D:\Tathya\selenium\Webdriver All Jar Files-20210819T041950Z-001\Webdriver All Jar Files\commons-codec-1.13.jar;D:\Tathya\selenium\Webdriver All Jar Files-20210819T041950Z-001\Webdriver All Jar Files\commons-collections4-4.1.jar;D:\
Launcher Type: SUN_STANDARD

[Global flags]
     intx CICompilerCount                          = 3                                         {product} {ergonomic}
     uint ConcGCThreads                            = 1                                         {product} {ergonomic}
     uint G1ConcRefinementThreads                  = 4                                         {product} {ergonomic}
   size_t G1HeapRegionSize                         = 1048576                                   {product} {ergonomic}
    uintx GCDrainStackTargetSize                   = 64                                        {product} {ergonomic}
   size_t InitialHeapSize                          = 134217728                                 {product} {ergonomic}
   size_t MarkStackSize                            = 4194304                                   {product} {ergonomic}
   size_t MaxHeapSize                              = 2128609280                                {product} {ergonomic}
   size_t MaxNewSize                               = 1277165568                                {product} {ergonomic}
   size_t MinHeapDeltaBytes                        = 1048576                                   {product} {ergonomic}
   size_t MinHeapSize                              = 8388608                                   {product} {ergonomic}
    uintx NonNMethodCodeHeapSize                   = 5832780                                {pd product} {ergonomic}
    uintx NonProfiledCodeHeapSize                  = 122912730                              {pd product} {ergonomic}
    uintx ProfiledCodeHeapSize                     = 122912730                              {pd product} {ergonomic}
    uintx ReservedCodeCacheSize                    = 251658240                              {pd product} {ergonomic}
     bool SegmentedCodeCache                       = true                                      {product} {ergonomic}
     bool ShowCodeDetailsInExceptionMessages       = true                                   {manageable} {command line}
   size_t SoftMaxHeapSize                          = 2128609280                             {manageable} {ergonomic}
     bool UseCompressedClassPointers               = true                           {product lp64_product} {ergonomic}
     bool UseCompressedOops                        = true                           {product lp64_product} {ergonomic}
     bool UseG1GC                                  = true                                      {product} {ergonomic}
     bool UseLargePagesIndividualAllocation        = false                                  {pd product} {ergonomic}

Logging:
Log output configuration:
 #0: stdout all=warning uptime,level,tags
 #1: stderr all=off uptime,level,tags

Environment Variables:
JAVA_HOME=C:\Program Files\Java\jdk-17.0.2\bin
PATH=C:/Program Files/Java/jdk-17.0.2/bin/server;C:/Program Files/Java/jdk-17.0.2/bin;C:\Program Files\Common Files\Oracle\Java\javapath;c:\Program Files (x86)\Intel\iCLS Client\;c:\Program Files\Intel\iCLS Client\;C:\windows\system32;C:\windows;C:\windows\System32\Wbem;C:\windows\System32\WindowsPowerShell\v1.0\;C:\Program Files\Intel\Intel(R) Management Engine Components\DAL;C:\Program Files\Intel\Intel(R) Management Engine Components\IPT;C:\Program Files (x86)\Intel\Intel(R) Management Engine Components\DAL;C:\Program Files (x86)\Intel\Intel(R) Management Engine Components\IPT;C:\Program Files\Microsoft\Web Platform Installer\;C:\Program Files\Microsoft SQL Server\110\Tools\Binn\;C:\Program Files\Microsoft SQL Server\120\Tools\Binn\;C:\Program Files\Microsoft DNX\Dnvm\;C:\Program Files (x86)\Microsoft SQL Server\Client SDK\ODBC\110\Tools\Binn\;C:\Program Files (x86)\Microsoft SQL Server\120\Tools\Binn\ManagementStudio\;C:\Program Files (x86)\Microsoft SQL Server\120\Tools\Binn\;C:\Program Files (x86)\Microsoft SQL Server\120\DTS\Binn\;C:\Program Files\nodejs\;C:\Program Files\Microsoft SQL Server\130\Tools\Binn\;C:\Program Files\Java\jdk-17.0.2\bin;C:\Users\tgandhi\eclipse\java-2021-12\eclipse;
USERNAME=tgandhi
OS=Windows_NT
PROCESSOR_IDENTIFIER=Intel64 Family 6 Model 60 Stepping 3, GenuineIntel



---------------  S Y S T E M  ---------------

OS:
 Windows 8.1 , 64 bit Build 9600 (6.3.9600.17415)
OS uptime: 13 days 7:43 hours

CPU: total 4 (initial active 4) (2 cores per cpu, 2 threads per core) family 6 model 60 stepping 3 microcode 0x1a, cx8, cmov, fxsr, ht, mmx, sse, sse2, sse3, ssse3, sse4.1, sse4.2, popcnt, lzcnt, tsc, tscinvbit, avx, avx2, aes, erms, clmul, bmi1, bmi2, rtm, fma, vzeroupper, clflush

Memory: 4k page, system-wide physical 8114M (1502M free)
TotalPageFile size 11186M (AvailPageFile size 5M)
current process WorkingSet (physical memory assigned to process): 45M, peak: 45M
current process commit charge ("private bytes"): 209M, peak: 209M

vm_info: Java HotSpot(TM) 64-Bit Server VM (17.0.2+8-LTS-86) for windows-amd64 JRE (17.0.2+8-LTS-86), built on Dec  7 2021 21:51:03 by "mach5one" with MS VC++ 16.8 / 16.9 (VS2019)

END.
