#
# There is insufficient memory for the Java Runtime Environment to continue.
# Native memory allocation (mmap) failed to map 134217728 bytes for G1 virtual space
# Possible reasons:
#   The system is out of physical RAM or swap space
#   The process is running with CompressedOops enabled, and the Java Heap may be blocking the growth of the native heap
# Possible solutions:
#   Reduce memory load on the system
#   Increase physical memory or swap space
#   Check if swap backing store is full
#   Decrease Java heap size (-Xmx/-Xms)
#   Decrease number of Java threads
#   Decrease Java thread stack sizes (-Xss)
#   Set larger code cache with -XX:ReservedCodeCacheSize=
#   JVM is running with Unscaled Compressed Oops mode in which the Java heap is
#     placed in the first 4GB address space. The Java Heap base address is the
#     maximum limit for the native heap growth. Please use -XX:HeapBaseMinAddress
#     to set the Java Heap base and to place the Java Heap above 4GB virtual address.
# This output file may be truncated or incomplete.
#
#  Out of Memory Error (os_windows.cpp:3532), pid=19292, tid=18572
#
# JRE version:  (17.0.2+8) (build )
# Java VM: Java HotSpot(TM) 64-Bit Server VM (17.0.2+8-LTS-86, mixed mode, sharing, tiered, compressed oops, compressed class ptrs, g1 gc, windows-amd64)
# No core dump will be written. Minidumps are not enabled by default on client versions of Windows
#

---------------  S U M M A R Y ------------

Command Line: -ea -Dfile.encoding=Cp1252 -XX:+ShowCodeDetailsInExceptionMessages org.testng.remote.RemoteTestNG -serport 60877 -protocol json -d C:\Users\tgandhi\eclipse-workspace\Netship_s\test-output C:\Users\tgandhi\AppData\Local\Temp\testng-eclipse-1148484362\testng-customsuite.xml

Host: Intel(R) Core(TM) i5-4570T CPU @ 2.90GHz, 4 cores, 7G,  Windows 8.1 , 64 bit Build 9600 (6.3.9600.17415)
Time: Thu Apr 28 16:57:54 2022 India Standard Time elapsed time: 0.064606 seconds (0d 0h 0m 0s)

---------------  T H R E A D  ---------------

Current thread (0x000000a752c80aa0):  JavaThread "Unknown thread" [_thread_in_vm, id=18572, stack(0x000000a752320000,0x000000a752420000)]

Stack: [0x000000a752320000,0x000000a752420000]
Native frames: (J=compiled Java code, j=interpreted, Vv=VM code, C=native code)
V  [jvm.dll+0x670baa]
V  [jvm.dll+0x7cfcb4]
V  [jvm.dll+0x7d145e]
V  [jvm.dll+0x7d1ac3]
V  [jvm.dll+0x242bc5]
V  [jvm.dll+0x66dac9]
V  [jvm.dll+0x662412]
V  [jvm.dll+0x300c0b]
V  [jvm.dll+0x3081a6]
V  [jvm.dll+0x357d0e]
V  [jvm.dll+0x357f3f]
V  [jvm.dll+0x2d7ec8]
V  [jvm.dll+0x2d8e34]
V  [jvm.dll+0x7a18c1]
V  [jvm.dll+0x365a91]
V  [jvm.dll+0x780d2c]
V  [jvm.dll+0x3e845f]
V  [jvm.dll+0x3e9f01]
C  [jli.dll+0x527b]
C  [ucrtbase.DLL+0x1d912]
C  [KERNEL32.DLL+0x13d2]
C  [ntdll.dll+0x154e4]


---------------  P R O C E S S  ---------------

Threads class SMR info:
_java_thread_list=0x00007ff9079d9858, length=0, elements={
}

Java Threads: ( => current thread )

Other Threads:
  0x000000a752cbc950 GCTaskThread "GC Thread#0" [stack: 0x000000a752a40000,0x000000a752b40000] [id=18596]
  0x000000a752cce210 ConcurrentGCThread "G1 Main Marker" [stack: 0x000000a76e020000,0x000000a76e120000] [id=7836]
  0x000000a752ccec20 ConcurrentGCThread "G1 Conc#0" [stack: 0x000000a76e120000,0x000000a76e220000] [id=20320]

[error occurred during error reporting (printing all threads), id 0xc0000005, EXCEPTION_ACCESS_VIOLATION (0xc0000005) at pc=0x00007ff9072288a7]

VM state: not at safepoint (not fully initialized)

VM Mutex/Monitor currently owned by a thread:  ([mutex/lock_event])
[0x000000a752c7c400] Heap_lock - owner thread: 0x000000a752c80aa0

Heap address: 0x0000000081200000, size: 2030 MB, Compressed Oops mode: 32-bit

CDS archive(s) mapped at: [0x0000000000000000-0x0000000000000000-0x0000000000000000), size 0, SharedBaseAddress: 0x0000000800000000, ArchiveRelocationMode: 0.
Narrow klass base: 0x0000000000000000, Narrow klass shift: 0, Narrow klass range: 0x0

GC Precious Log:
<Empty>

Heap:
 garbage-first heap   total 0K, used 0K [0x0000000081200000, 0x0000000100000000)
  region size 1024K, 0 young (0K), 0 survivors (0K)

[error occurred during error reporting (printing heap information), id 0xc0000005, EXCEPTION_ACCESS_VIOLATION (0xc0000005) at pc=0x00007ff907609f19]

GC Heap History (0 events):
No events

Deoptimization events (0 events):
No events

Classes unloaded (0 events):
No events

Classes redefined (0 events):
No events

Internal exceptions (0 events):
No events

VM Operations (0 events):
No events

Events (1 events):
Event: 0.008 Loaded shared library C:\Program Files\Java\jdk-17.0.2\bin\java.dll


Dynamic libraries:
0x00007ff732f70000 - 0x00007ff732f80000 	C:\Program Files\Java\jdk-17.0.2\bin\javaw.exe
0x00007ff941330000 - 0x00007ff9414dd000 	C:\windows\SYSTEM32\ntdll.dll
0x00007ff93f1e0000 - 0x00007ff93f31e000 	C:\windows\system32\KERNEL32.DLL
0x00007ff93e700000 - 0x00007ff93e815000 	C:\windows\system32\KERNELBASE.dll
0x00007ff937d70000 - 0x00007ff937d88000 	C:\Program Files\Java\jdk-17.0.2\bin\jli.dll
0x00007ff937d00000 - 0x00007ff937d1a000 	C:\Program Files\Java\jdk-17.0.2\bin\VCRUNTIME140.dll
0x00007ff937da0000 - 0x00007ff937da4000 	C:\Program Files\Java\jdk-17.0.2\bin\api-ms-win-crt-stdio-l1-1-0.dll
0x00007ff937cf0000 - 0x00007ff937cf4000 	C:\Program Files\Java\jdk-17.0.2\bin\api-ms-win-crt-runtime-l1-1-0.dll
0x00007ff937b30000 - 0x00007ff937b33000 	C:\Program Files\Java\jdk-17.0.2\bin\api-ms-win-crt-environment-l1-1-0.dll
0x00007ff937b20000 - 0x00007ff937b25000 	C:\Program Files\Java\jdk-17.0.2\bin\api-ms-win-crt-math-l1-1-0.dll
0x00007ff937af0000 - 0x00007ff937af3000 	C:\Program Files\Java\jdk-17.0.2\bin\api-ms-win-crt-locale-l1-1-0.dll
0x00007ff935ad0000 - 0x00007ff935ad3000 	C:\Program Files\Java\jdk-17.0.2\bin\api-ms-win-crt-heap-l1-1-0.dll
0x00007ff941270000 - 0x00007ff94131a000 	C:\windows\system32\ADVAPI32.dll
0x00007ff93bbb0000 - 0x00007ff93be2b000 	C:\windows\WinSxS\amd64_microsoft.windows.common-controls_6595b64144ccf1df_6.0.9600.18006_none_623f33d3ecbe86e8\COMCTL32.dll
0x00007ff93ef10000 - 0x00007ff93f087000 	C:\windows\system32\USER32.dll
0x00007ff93a1c0000 - 0x00007ff93a1ca000 	C:\windows\SYSTEM32\VERSION.dll
0x00007ff935920000 - 0x00007ff935923000 	C:\Program Files\Java\jdk-17.0.2\bin\api-ms-win-crt-filesystem-l1-1-0.dll
0x00007ff935910000 - 0x00007ff935914000 	C:\Program Files\Java\jdk-17.0.2\bin\api-ms-win-crt-string-l1-1-0.dll
0x00007ff935700000 - 0x00007ff935704000 	C:\Program Files\Java\jdk-17.0.2\bin\api-ms-win-crt-convert-l1-1-0.dll
0x00007ff940c90000 - 0x00007ff940d3a000 	C:\windows\system32\msvcrt.dll
0x00007ff940f60000 - 0x00007ff940fb9000 	C:\windows\SYSTEM32\sechost.dll
0x00007ff93ed50000 - 0x00007ff93ee90000 	C:\windows\system32\RPCRT4.dll
0x00007ff93f090000 - 0x00007ff93f1df000 	C:\windows\system32\GDI32.dll
0x00007ff932de0000 - 0x00007ff932eda000 	C:\Program Files\Java\jdk-17.0.2\bin\ucrtbase.DLL
0x00007ff93e980000 - 0x00007ff93e9ae000 	C:\windows\system32\SspiCli.dll
0x00007ff93e9b0000 - 0x00007ff93e9e6000 	C:\windows\system32\IMM32.DLL
0x00007ff940ac0000 - 0x00007ff940c12000 	C:\windows\system32\MSCTF.dll
0x00007ff9356d0000 - 0x00007ff9356dc000 	C:\Program Files\Java\jdk-17.0.2\bin\vcruntime140_1.dll
0x00007ff934050000 - 0x00007ff9340dd000 	C:\Program Files\Java\jdk-17.0.2\bin\msvcp140.dll
0x00007ff9356c0000 - 0x00007ff9356c3000 	C:\Program Files\Java\jdk-17.0.2\bin\api-ms-win-crt-time-l1-1-0.dll
0x00007ff935320000 - 0x00007ff935323000 	C:\Program Files\Java\jdk-17.0.2\bin\api-ms-win-crt-utility-l1-1-0.dll
0x00007ff906f40000 - 0x00007ff907b01000 	C:\Program Files\Java\jdk-17.0.2\bin\server\jvm.dll
0x00007ff9278e0000 - 0x00007ff9278e9000 	C:\windows\SYSTEM32\WSOCK32.dll
0x00007ff929670000 - 0x00007ff929692000 	C:\windows\SYSTEM32\WINMM.dll
0x00007ff93ef00000 - 0x00007ff93ef07000 	C:\windows\system32\PSAPI.DLL
0x00007ff940a60000 - 0x00007ff940aba000 	C:\windows\system32\WS2_32.dll
0x00007ff929640000 - 0x00007ff92966a000 	C:\windows\SYSTEM32\WINMMBASE.dll
0x00007ff93eef0000 - 0x00007ff93eef9000 	C:\windows\system32\NSI.dll
0x00007ff93e930000 - 0x00007ff93e97f000 	C:\windows\SYSTEM32\cfgmgr32.dll
0x00007ff93d280000 - 0x00007ff93d2a8000 	C:\windows\SYSTEM32\DEVOBJ.dll
0x00007ff93c380000 - 0x00007ff93c38a000 	C:\Program Files\Java\jdk-17.0.2\bin\jimage.dll
0x00007ff938130000 - 0x00007ff9382b9000 	C:\windows\SYSTEM32\DBGHELP.DLL
0x00007ff93c350000 - 0x00007ff93c375000 	C:\Program Files\Java\jdk-17.0.2\bin\java.dll

dbghelp: loaded successfully - version: 4.0.5 - missing functions: none
symbol engine: initialized successfully - sym options: 0x614 - pdb path: .;C:\Program Files\Java\jdk-17.0.2\bin;C:\windows\SYSTEM32;C:\windows\WinSxS\amd64_microsoft.windows.common-controls_6595b64144ccf1df_6.0.9600.18006_none_623f33d3ecbe86e8;C:\Program Files\Java\jdk-17.0.2\bin\server

VM Arguments:
jvm_args: -ea -Dfile.encoding=Cp1252 -XX:+ShowCodeDetailsInExceptionMessages 
java_command: org.testng.remote.RemoteTestNG -serport 60877 -protocol json -d C:\Users\tgandhi\eclipse-workspace\Netship_s\test-output C:\Users\tgandhi\AppData\Local\Temp\testng-eclipse-1148484362\testng-customsuite.xml
java_class_path (initial): C:\Users\tgandhi\eclipse\java-2021-12\eclipse\configuration\org.eclipse.osgi\435\0\.cp\lib\testng-remote.jar;C:\Users\tgandhi\eclipse-workspace\Netship_s\bin;D:\Tathya\selenium\jar_files\cglib-nodep-3.2.4.jar;D:\Tathya\selenium\jar_files\commons-codec-1.10.jar;D:\Tathya\selenium\jar_files\commons-exec-1.3.jar;D:\Tathya\selenium\jar_files\commons-logging-1.2.jar;D:\Tathya\selenium\jar_files\gson-2.8.0.jar;D:\Tathya\selenium\jar_files\guava-21.0.jar;D:\Tathya\selenium\jar_files\httpclient-4.5.3.jar;D:\Tathya\selenium\jar_files\httpcore-4.4.6.jar;D:\Tathya\selenium\jar_files\jna-4.1.0.jar;D:\Tathya\selenium\jar_files\jna-platform-4.1.0.jar;D:\Tathya\selenium\jar_files\selenium-api-3.4.0.jar;D:\Tathya\selenium\jar_files\selenium-chrome-driver-3.4.0.jar;D:\Tathya\selenium\jar_files\selenium-remote-driver-3.4.0.jar;D:\Tathya\selenium\Webdriver All Jar Files-20210819T041950Z-001\Webdriver All Jar Files\activation-1.1.1.jar;D:\Tathya\selenium\Webdriver All Jar Files-20210819T041950Z-001\Webdriver All Jar Files\byte-buddy-1.8.3.jar;D:\Tathya\selenium\Webdriver All Jar Files-20210819T041950Z-001\Webdriver All Jar Files\byte-buddy-1.8.15.jar;D:\Tathya\selenium\Webdriver All Jar Files-20210819T041950Z-001\Webdriver All Jar Files\client-combined-3.13.0.jar;D:\Tathya\selenium\Webdriver All Jar Files-20210819T041950Z-001\Webdriver All Jar Files\client-combined-3.13.0-sources.jar;D:\Tathya\selenium\Webdriver All Jar Files-20210819T041950Z-001\Webdriver All Jar Files\client-combined-3.141.59.jar;D:\Tathya\selenium\Webdriver All Jar Files-20210819T041950Z-001\Webdriver All Jar Files\client-combined-3.141.59-sources.jar;D:\Tathya\selenium\Webdriver All Jar Files-20210819T041950Z-001\Webdriver All Jar Files\commons-codec-1.10.jar;D:\Tathya\selenium\Webdriver All Jar Files-20210819T041950Z-001\Webdriver All Jar Files\commons-codec-1.13.jar;D:\Tathya\selenium\Webdriver All Jar Files-20210819T041950Z-001\Webdriver All Jar Files\commons-collections4-4.1.jar;D:\
Launcher Type: SUN_STANDARD

[Global flags]
     intx CICompilerCount                          = 3                                         {product} {ergonomic}
     uint ConcGCThreads                            = 1                                         {product} {ergonomic}
     uint G1ConcRefinementThreads                  = 4                                         {product} {ergonomic}
   size_t G1HeapRegionSize                         = 1048576                                   {product} {ergonomic}
    uintx GCDrainStackTargetSize                   = 64                                        {product} {ergonomic}
   size_t InitialHeapSize                          = 134217728                                 {product} {ergonomic}
   size_t MarkStackSize                            = 4194304                                   {product} {ergonomic}
   size_t MaxHeapSize                              = 2128609280                                {product} {ergonomic}
   size_t MinHeapDeltaBytes                        = 1048576                                   {product} {ergonomic}
   size_t MinHeapSize                              = 8388608                                   {product} {ergonomic}
    uintx NonNMethodCodeHeapSize                   = 5832780                                {pd product} {ergonomic}
    uintx NonProfiledCodeHeapSize                  = 122912730                              {pd product} {ergonomic}
    uintx ProfiledCodeHeapSize                     = 122912730                              {pd product} {ergonomic}
    uintx ReservedCodeCacheSize                    = 251658240                              {pd product} {ergonomic}
     bool SegmentedCodeCache                       = true                                      {product} {ergonomic}
     bool ShowCodeDetailsInExceptionMessages       = true                                   {manageable} {command line}
   size_t SoftMaxHeapSize                          = 2128609280                             {manageable} {ergonomic}
     bool UseCompressedClassPointers               = true                           {product lp64_product} {ergonomic}
     bool UseCompressedOops                        = true                           {product lp64_product} {ergonomic}
     bool UseG1GC                                  = true                                      {product} {ergonomic}
     bool UseLargePagesIndividualAllocation        = false                                  {pd product} {ergonomic}

Logging:
Log output configuration:
 #0: stdout all=warning uptime,level,tags
 #1: stderr all=off uptime,level,tags

Environment Variables:
JAVA_HOME=C:\Program Files\Java\jdk-17.0.2\bin
PATH=C:/Program Files/Java/jdk-17.0.2/bin/server;C:/Program Files/Java/jdk-17.0.2/bin;C:\Program Files\Common Files\Oracle\Java\javapath;c:\Program Files (x86)\Intel\iCLS Client\;c:\Program Files\Intel\iCLS Client\;C:\windows\system32;C:\windows;C:\windows\System32\Wbem;C:\windows\System32\WindowsPowerShell\v1.0\;C:\Program Files\Intel\Intel(R) Management Engine Components\DAL;C:\Program Files\Intel\Intel(R) Management Engine Components\IPT;C:\Program Files (x86)\Intel\Intel(R) Management Engine Components\DAL;C:\Program Files (x86)\Intel\Intel(R) Management Engine Components\IPT;C:\Program Files\Microsoft\Web Platform Installer\;C:\Program Files\Microsoft SQL Server\110\Tools\Binn\;C:\Program Files\Microsoft SQL Server\120\Tools\Binn\;C:\Program Files\Microsoft DNX\Dnvm\;C:\Program Files (x86)\Microsoft SQL Server\Client SDK\ODBC\110\Tools\Binn\;C:\Program Files (x86)\Microsoft SQL Server\120\Tools\Binn\ManagementStudio\;C:\Program Files (x86)\Microsoft SQL Server\120\Tools\Binn\;C:\Program Files (x86)\Microsoft SQL Server\120\DTS\Binn\;C:\Program Files\nodejs\;C:\Program Files\Microsoft SQL Server\130\Tools\Binn\;C:\Program Files\Java\jdk-17.0.2\bin;C:\Users\tgandhi\eclipse\java-2021-12\eclipse;
USERNAME=tgandhi
OS=Windows_NT
PROCESSOR_IDENTIFIER=Intel64 Family 6 Model 60 Stepping 3, GenuineIntel



---------------  S Y S T E M  ---------------

OS:
 Windows 8.1 , 64 bit Build 9600 (6.3.9600.17415)
OS uptime: 13 days 7:00 hours

CPU: total 4 (initial active 4) (2 cores per cpu, 2 threads per core) family 6 model 60 stepping 3 microcode 0x1a, cx8, cmov, fxsr, ht, mmx, sse, sse2, sse3, ssse3, sse4.1, sse4.2, popcnt, lzcnt, tsc, tscinvbit, avx, avx2, aes, erms, clmul, bmi1, bmi2, rtm, fma, vzeroupper, clflush

Memory: 4k page, system-wide physical 8114M (1353M free)
TotalPageFile size 11186M (AvailPageFile size 107M)
current process WorkingSet (physical memory assigned to process): 9M, peak: 9M
current process commit charge ("private bytes"): 51M, peak: 179M

vm_info: Java HotSpot(TM) 64-Bit Server VM (17.0.2+8-LTS-86) for windows-amd64 JRE (17.0.2+8-LTS-86), built on Dec  7 2021 21:51:03 by "mach5one" with MS VC++ 16.8 / 16.9 (VS2019)

END.
