#
# There is insufficient memory for the Java Runtime Environment to continue.
# Native memory allocation (mmap) failed to map 65536 bytes for Failed to commit metaspace.
# Possible reasons:
#   The system is out of physical RAM or swap space
#   The process is running with CompressedOops enabled, and the Java Heap may be blocking the growth of the native heap
# Possible solutions:
#   Reduce memory load on the system
#   Increase physical memory or swap space
#   Check if swap backing store is full
#   Decrease Java heap size (-Xmx/-Xms)
#   Decrease number of Java threads
#   Decrease Java thread stack sizes (-Xss)
#   Set larger code cache with -XX:ReservedCodeCacheSize=
#   JVM is running with Unscaled Compressed Oops mode in which the Java heap is
#     placed in the first 4GB address space. The Java Heap base address is the
#     maximum limit for the native heap growth. Please use -XX:HeapBaseMinAddress
#     to set the Java Heap base and to place the Java Heap above 4GB virtual address.
# This output file may be truncated or incomplete.
#
#  Out of Memory Error (virtualSpaceNode.cpp:110), pid=18516, tid=21124
#
# JRE version: Java(TM) SE Runtime Environment (17.0.2+8) (build 17.0.2+8-LTS-86)
# Java VM: Java HotSpot(TM) 64-Bit Server VM (17.0.2+8-LTS-86, mixed mode, sharing, tiered, compressed oops, compressed class ptrs, g1 gc, windows-amd64)
# No core dump will be written. Minidumps are not enabled by default on client versions of Windows
#

---------------  S U M M A R Y ------------

Command Line: -ea -Dfile.encoding=Cp1252 -XX:+ShowCodeDetailsInExceptionMessages org.testng.remote.RemoteTestNG -serport 61625 -protocol json -d C:\Users\tgandhi\eclipse-workspace\Netship_s\test-output C:\Users\tgandhi\AppData\Local\Temp\testng-eclipse-1491602345\testng-customsuite.xml

Host: Intel(R) Core(TM) i5-4570T CPU @ 2.90GHz, 4 cores, 7G,  Windows 8.1 , 64 bit Build 9600 (6.3.9600.17415)
Time: Thu Apr 28 17:40:25 2022 India Standard Time elapsed time: 0.778364 seconds (0d 0h 0m 0s)

---------------  T H R E A D  ---------------

Current thread (0x000000be0b250aa0):  JavaThread "main" [_thread_in_vm, id=21124, stack(0x000000be09190000,0x000000be09290000)]

Stack: [0x000000be09190000,0x000000be09290000]
Native frames: (J=compiled Java code, j=interpreted, Vv=VM code, C=native code)
V  [jvm.dll+0x670baa]
V  [jvm.dll+0x7cfcb4]
V  [jvm.dll+0x7d145e]
V  [jvm.dll+0x7d1ac3]
V  [jvm.dll+0x242bc5]
V  [jvm.dll+0x7cbc5b]
V  [jvm.dll+0x616966]
V  [jvm.dll+0x1be3ee]
V  [jvm.dll+0x6192a1]
V  [jvm.dll+0x617306]
V  [jvm.dll+0x23718f]
V  [jvm.dll+0x621015]
V  [jvm.dll+0x1e7e2b]
V  [jvm.dll+0x1e8365]
V  [jvm.dll+0x1e8d9f]
V  [jvm.dll+0x1de251]
V  [jvm.dll+0x537c30]
V  [jvm.dll+0x74ad28]
V  [jvm.dll+0x74ae14]
V  [jvm.dll+0x408cc5]
V  [jvm.dll+0x40ed18]
C  [java.dll+0x17ec]

Java frames: (J=compiled Java code, j=interpreted, Vv=VM code)
j  java.lang.ClassLoader.defineClass1(Ljava/lang/ClassLoader;Ljava/lang/String;[BIILjava/security/ProtectionDomain;Ljava/lang/String;)Ljava/lang/Class;+0 java.base@17.0.2
j  java.lang.ClassLoader.defineClass(Ljava/lang/String;[BIILjava/security/ProtectionDomain;)Ljava/lang/Class;+27 java.base@17.0.2
j  java.security.SecureClassLoader.defineClass(Ljava/lang/String;[BIILjava/security/CodeSource;)Ljava/lang/Class;+12 java.base@17.0.2
j  jdk.internal.loader.BuiltinClassLoader.defineClass(Ljava/lang/String;Ljdk/internal/loader/Resource;)Ljava/lang/Class;+117 java.base@17.0.2
j  jdk.internal.loader.BuiltinClassLoader.findClassOnClassPathOrNull(Ljava/lang/String;)Ljava/lang/Class;+37 java.base@17.0.2
j  jdk.internal.loader.BuiltinClassLoader.loadClassOrNull(Ljava/lang/String;Z)Ljava/lang/Class;+111 java.base@17.0.2
j  jdk.internal.loader.BuiltinClassLoader.loadClass(Ljava/lang/String;Z)Ljava/lang/Class;+3 java.base@17.0.2
j  jdk.internal.loader.ClassLoaders$AppClassLoader.loadClass(Ljava/lang/String;Z)Ljava/lang/Class;+36 java.base@17.0.2
j  java.lang.ClassLoader.loadClass(Ljava/lang/String;)Ljava/lang/Class;+3 java.base@17.0.2
v  ~StubRoutines::call_stub
j  org.testng.remote.RemoteTestNG.main([Ljava/lang/String;)V+25
v  ~StubRoutines::call_stub

---------------  P R O C E S S  ---------------

Threads class SMR info:
_java_thread_list=0x000000be2a3a14c0, length=12, elements={
0x000000be0b250aa0, 0x000000be28da1460, 0x000000be28da2fd0, 0x000000be28db65c0,
0x000000be28db81f0, 0x000000be28db8da0, 0x000000be28db9950, 0x000000be28dbc6f0,
0x000000be28e1c080, 0x000000be28e2ea90, 0x000000be2a39ce70, 0x000000be2a3b71b0
}

Java Threads: ( => current thread )
=>0x000000be0b250aa0 JavaThread "main" [_thread_in_vm, id=21124, stack(0x000000be09190000,0x000000be09290000)]
  0x000000be28da1460 JavaThread "Reference Handler" daemon [_thread_blocked, id=15104, stack(0x000000be29130000,0x000000be29230000)]
  0x000000be28da2fd0 JavaThread "Finalizer" daemon [_thread_blocked, id=21040, stack(0x000000be29230000,0x000000be29330000)]
  0x000000be28db65c0 JavaThread "Signal Dispatcher" daemon [_thread_blocked, id=18464, stack(0x000000be29ce0000,0x000000be29de0000)]
  0x000000be28db81f0 JavaThread "Attach Listener" daemon [_thread_blocked, id=12716, stack(0x000000be29de0000,0x000000be29ee0000)]
  0x000000be28db8da0 JavaThread "Service Thread" daemon [_thread_blocked, id=21292, stack(0x000000be29ee0000,0x000000be29fe0000)]
  0x000000be28db9950 JavaThread "Monitor Deflation Thread" daemon [_thread_blocked, id=20464, stack(0x000000be29fe0000,0x000000be2a0e0000)]
  0x000000be28dbc6f0 JavaThread "C2 CompilerThread0" daemon [_thread_blocked, id=19168, stack(0x000000be2a0e0000,0x000000be2a1e0000)]
  0x000000be28e1c080 JavaThread "C1 CompilerThread0" daemon [_thread_blocked, id=13920, stack(0x000000be2a1e0000,0x000000be2a2e0000)]
  0x000000be28e2ea90 JavaThread "Sweeper thread" daemon [_thread_blocked, id=19380, stack(0x000000be2a6e0000,0x000000be2a7e0000)]
  0x000000be2a39ce70 JavaThread "Notification Thread" daemon [_thread_blocked, id=19336, stack(0x000000be2a7e0000,0x000000be2a8e0000)]
  0x000000be2a3b71b0 JavaThread "Common-Cleaner" daemon [_thread_blocked, id=16644, stack(0x000000be2a9e0000,0x000000be2aae0000)]

Other Threads:
  0x000000be28d9b1b0 VMThread "VM Thread" [stack: 0x000000be29030000,0x000000be29130000] [id=19036]
  0x000000be2a3a3360 WatcherThread [stack: 0x000000be2a8e0000,0x000000be2a9e0000] [id=3288]
  0x000000be0b28c950 GCTaskThread "GC Thread#0" [stack: 0x000000be0b060000,0x000000be0b160000] [id=19756]
  0x000000be0b29d650 ConcurrentGCThread "G1 Main Marker" [stack: 0x000000be265f0000,0x000000be266f0000] [id=20408]
  0x000000be0b29ed60 ConcurrentGCThread "G1 Conc#0" [stack: 0x000000be266f0000,0x000000be267f0000] [id=6672]
  0x000000be28c630d0 ConcurrentGCThread "G1 Refine#0" [stack: 0x000000be28e30000,0x000000be28f30000] [id=21072]
  0x000000be0b2e2cd0 ConcurrentGCThread "G1 Service" [stack: 0x000000be28f30000,0x000000be29030000] [id=20292]

Threads with active compile tasks:

VM state: not at safepoint (normal execution)

VM Mutex/Monitor currently owned by a thread:  ([mutex/lock_event])
[0x000000be0b24b690] Metaspace_lock - owner thread: 0x000000be0b250aa0

Heap address: 0x0000000081200000, size: 2030 MB, Compressed Oops mode: 32-bit

CDS archive(s) mapped at: [0x0000000800000000-0x0000000800bc0000-0x0000000800bc0000), size 12320768, SharedBaseAddress: 0x0000000800000000, ArchiveRelocationMode: 0.
Compressed class space mapped at: 0x0000000800c00000-0x0000000840c00000, reserved size: 1073741824
Narrow klass base: 0x0000000800000000, Narrow klass shift: 0, Narrow klass range: 0x100000000

GC Precious Log:
 CPUs: 4 total, 4 available
 Memory: 8114M
 Large Page Support: Disabled
 NUMA Support: Disabled
 Compressed Oops: Enabled (32-bit)
 Heap Region Size: 1M
 Heap Min Capacity: 8M
 Heap Initial Capacity: 128M
 Heap Max Capacity: 2030M
 Pre-touch: Disabled
 Parallel Workers: 4
 Concurrent Workers: 1
 Concurrent Refinement Workers: 4
 Periodic GC: Disabled

Heap:
 garbage-first heap   total 131072K, used 4096K [0x0000000081200000, 0x0000000100000000)
  region size 1024K, 5 young (5120K), 0 survivors (0K)
 Metaspace       used 425K, committed 576K, reserved 1056768K
  class space    used 18K, committed 128K, reserved 1048576K

Heap Regions: E=young(eden), S=young(survivor), O=old, HS=humongous(starts), HC=humongous(continues), CS=collection set, F=free, OA=open archive, CA=closed archive, TAMS=top-at-mark-start (previous, next)
|   0|0x0000000081200000, 0x0000000081200000, 0x0000000081300000|  0%| F|  |TAMS 0x0000000081200000, 0x0000000081200000| Untracked 
|   1|0x0000000081300000, 0x0000000081300000, 0x0000000081400000|  0%| F|  |TAMS 0x0000000081300000, 0x0000000081300000| Untracked 
|   2|0x0000000081400000, 0x0000000081400000, 0x0000000081500000|  0%| F|  |TAMS 0x0000000081400000, 0x0000000081400000| Untracked 
|   3|0x0000000081500000, 0x0000000081500000, 0x0000000081600000|  0%| F|  |TAMS 0x0000000081500000, 0x0000000081500000| Untracked 
|   4|0x0000000081600000, 0x0000000081600000, 0x0000000081700000|  0%| F|  |TAMS 0x0000000081600000, 0x0000000081600000| Untracked 
|   5|0x0000000081700000, 0x0000000081700000, 0x0000000081800000|  0%| F|  |TAMS 0x0000000081700000, 0x0000000081700000| Untracked 
|   6|0x0000000081800000, 0x0000000081800000, 0x0000000081900000|  0%| F|  |TAMS 0x0000000081800000, 0x0000000081800000| Untracked 
|   7|0x0000000081900000, 0x0000000081900000, 0x0000000081a00000|  0%| F|  |TAMS 0x0000000081900000, 0x0000000081900000| Untracked 
|   8|0x0000000081a00000, 0x0000000081a00000, 0x0000000081b00000|  0%| F|  |TAMS 0x0000000081a00000, 0x0000000081a00000| Untracked 
|   9|0x0000000081b00000, 0x0000000081b00000, 0x0000000081c00000|  0%| F|  |TAMS 0x0000000081b00000, 0x0000000081b00000| Untracked 
|  10|0x0000000081c00000, 0x0000000081c00000, 0x0000000081d00000|  0%| F|  |TAMS 0x0000000081c00000, 0x0000000081c00000| Untracked 
|  11|0x0000000081d00000, 0x0000000081d00000, 0x0000000081e00000|  0%| F|  |TAMS 0x0000000081d00000, 0x0000000081d00000| Untracked 
|  12|0x0000000081e00000, 0x0000000081e00000, 0x0000000081f00000|  0%| F|  |TAMS 0x0000000081e00000, 0x0000000081e00000| Untracked 
|  13|0x0000000081f00000, 0x0000000081f00000, 0x0000000082000000|  0%| F|  |TAMS 0x0000000081f00000, 0x0000000081f00000| Untracked 
|  14|0x0000000082000000, 0x0000000082000000, 0x0000000082100000|  0%| F|  |TAMS 0x0000000082000000, 0x0000000082000000| Untracked 
|  15|0x0000000082100000, 0x0000000082100000, 0x0000000082200000|  0%| F|  |TAMS 0x0000000082100000, 0x0000000082100000| Untracked 
|  16|0x0000000082200000, 0x0000000082200000, 0x0000000082300000|  0%| F|  |TAMS 0x0000000082200000, 0x0000000082200000| Untracked 
|  17|0x0000000082300000, 0x0000000082300000, 0x0000000082400000|  0%| F|  |TAMS 0x0000000082300000, 0x0000000082300000| Untracked 
|  18|0x0000000082400000, 0x0000000082400000, 0x0000000082500000|  0%| F|  |TAMS 0x0000000082400000, 0x0000000082400000| Untracked 
|  19|0x0000000082500000, 0x0000000082500000, 0x0000000082600000|  0%| F|  |TAMS 0x0000000082500000, 0x0000000082500000| Untracked 
|  20|0x0000000082600000, 0x0000000082600000, 0x0000000082700000|  0%| F|  |TAMS 0x0000000082600000, 0x0000000082600000| Untracked 
|  21|0x0000000082700000, 0x0000000082700000, 0x0000000082800000|  0%| F|  |TAMS 0x0000000082700000, 0x0000000082700000| Untracked 
|  22|0x0000000082800000, 0x0000000082800000, 0x0000000082900000|  0%| F|  |TAMS 0x0000000082800000, 0x0000000082800000| Untracked 
|  23|0x0000000082900000, 0x0000000082900000, 0x0000000082a00000|  0%| F|  |TAMS 0x0000000082900000, 0x0000000082900000| Untracked 
|  24|0x0000000082a00000, 0x0000000082a00000, 0x0000000082b00000|  0%| F|  |TAMS 0x0000000082a00000, 0x0000000082a00000| Untracked 
|  25|0x0000000082b00000, 0x0000000082b00000, 0x0000000082c00000|  0%| F|  |TAMS 0x0000000082b00000, 0x0000000082b00000| Untracked 
|  26|0x0000000082c00000, 0x0000000082c00000, 0x0000000082d00000|  0%| F|  |TAMS 0x0000000082c00000, 0x0000000082c00000| Untracked 
|  27|0x0000000082d00000, 0x0000000082d00000, 0x0000000082e00000|  0%| F|  |TAMS 0x0000000082d00000, 0x0000000082d00000| Untracked 
|  28|0x0000000082e00000, 0x0000000082e00000, 0x0000000082f00000|  0%| F|  |TAMS 0x0000000082e00000, 0x0000000082e00000| Untracked 
|  29|0x0000000082f00000, 0x0000000082f00000, 0x0000000083000000|  0%| F|  |TAMS 0x0000000082f00000, 0x0000000082f00000| Untracked 
|  30|0x0000000083000000, 0x0000000083000000, 0x0000000083100000|  0%| F|  |TAMS 0x0000000083000000, 0x0000000083000000| Untracked 
|  31|0x0000000083100000, 0x0000000083100000, 0x0000000083200000|  0%| F|  |TAMS 0x0000000083100000, 0x0000000083100000| Untracked 
|  32|0x0000000083200000, 0x0000000083200000, 0x0000000083300000|  0%| F|  |TAMS 0x0000000083200000, 0x0000000083200000| Untracked 
|  33|0x0000000083300000, 0x0000000083300000, 0x0000000083400000|  0%| F|  |TAMS 0x0000000083300000, 0x0000000083300000| Untracked 
|  34|0x0000000083400000, 0x0000000083400000, 0x0000000083500000|  0%| F|  |TAMS 0x0000000083400000, 0x0000000083400000| Untracked 
|  35|0x0000000083500000, 0x0000000083500000, 0x0000000083600000|  0%| F|  |TAMS 0x0000000083500000, 0x0000000083500000| Untracked 
|  36|0x0000000083600000, 0x0000000083600000, 0x0000000083700000|  0%| F|  |TAMS 0x0000000083600000, 0x0000000083600000| Untracked 
|  37|0x0000000083700000, 0x0000000083700000, 0x0000000083800000|  0%| F|  |TAMS 0x0000000083700000, 0x0000000083700000| Untracked 
|  38|0x0000000083800000, 0x0000000083800000, 0x0000000083900000|  0%| F|  |TAMS 0x0000000083800000, 0x0000000083800000| Untracked 
|  39|0x0000000083900000, 0x0000000083900000, 0x0000000083a00000|  0%| F|  |TAMS 0x0000000083900000, 0x0000000083900000| Untracked 
|  40|0x0000000083a00000, 0x0000000083a00000, 0x0000000083b00000|  0%| F|  |TAMS 0x0000000083a00000, 0x0000000083a00000| Untracked 
|  41|0x0000000083b00000, 0x0000000083b00000, 0x0000000083c00000|  0%| F|  |TAMS 0x0000000083b00000, 0x0000000083b00000| Untracked 
|  42|0x0000000083c00000, 0x0000000083c00000, 0x0000000083d00000|  0%| F|  |TAMS 0x0000000083c00000, 0x0000000083c00000| Untracked 
|  43|0x0000000083d00000, 0x0000000083d00000, 0x0000000083e00000|  0%| F|  |TAMS 0x0000000083d00000, 0x0000000083d00000| Untracked 
|  44|0x0000000083e00000, 0x0000000083e00000, 0x0000000083f00000|  0%| F|  |TAMS 0x0000000083e00000, 0x0000000083e00000| Untracked 
|  45|0x0000000083f00000, 0x0000000083f00000, 0x0000000084000000|  0%| F|  |TAMS 0x0000000083f00000, 0x0000000083f00000| Untracked 
|  46|0x0000000084000000, 0x0000000084000000, 0x0000000084100000|  0%| F|  |TAMS 0x0000000084000000, 0x0000000084000000| Untracked 
|  47|0x0000000084100000, 0x0000000084100000, 0x0000000084200000|  0%| F|  |TAMS 0x0000000084100000, 0x0000000084100000| Untracked 
|  48|0x0000000084200000, 0x0000000084200000, 0x0000000084300000|  0%| F|  |TAMS 0x0000000084200000, 0x0000000084200000| Untracked 
|  49|0x0000000084300000, 0x0000000084300000, 0x0000000084400000|  0%| F|  |TAMS 0x0000000084300000, 0x0000000084300000| Untracked 
|  50|0x0000000084400000, 0x0000000084400000, 0x0000000084500000|  0%| F|  |TAMS 0x0000000084400000, 0x0000000084400000| Untracked 
|  51|0x0000000084500000, 0x0000000084500000, 0x0000000084600000|  0%| F|  |TAMS 0x0000000084500000, 0x0000000084500000| Untracked 
|  52|0x0000000084600000, 0x0000000084600000, 0x0000000084700000|  0%| F|  |TAMS 0x0000000084600000, 0x0000000084600000| Untracked 
|  53|0x0000000084700000, 0x0000000084700000, 0x0000000084800000|  0%| F|  |TAMS 0x0000000084700000, 0x0000000084700000| Untracked 
|  54|0x0000000084800000, 0x0000000084800000, 0x0000000084900000|  0%| F|  |TAMS 0x0000000084800000, 0x0000000084800000| Untracked 
|  55|0x0000000084900000, 0x0000000084900000, 0x0000000084a00000|  0%| F|  |TAMS 0x0000000084900000, 0x0000000084900000| Untracked 
|  56|0x0000000084a00000, 0x0000000084a00000, 0x0000000084b00000|  0%| F|  |TAMS 0x0000000084a00000, 0x0000000084a00000| Untracked 
|  57|0x0000000084b00000, 0x0000000084b00000, 0x0000000084c00000|  0%| F|  |TAMS 0x0000000084b00000, 0x0000000084b00000| Untracked 
|  58|0x0000000084c00000, 0x0000000084c00000, 0x0000000084d00000|  0%| F|  |TAMS 0x0000000084c00000, 0x0000000084c00000| Untracked 
|  59|0x0000000084d00000, 0x0000000084d00000, 0x0000000084e00000|  0%| F|  |TAMS 0x0000000084d00000, 0x0000000084d00000| Untracked 
|  60|0x0000000084e00000, 0x0000000084e00000, 0x0000000084f00000|  0%| F|  |TAMS 0x0000000084e00000, 0x0000000084e00000| Untracked 
|  61|0x0000000084f00000, 0x0000000084f00000, 0x0000000085000000|  0%| F|  |TAMS 0x0000000084f00000, 0x0000000084f00000| Untracked 
|  62|0x0000000085000000, 0x0000000085000000, 0x0000000085100000|  0%| F|  |TAMS 0x0000000085000000, 0x0000000085000000| Untracked 
|  63|0x0000000085100000, 0x0000000085100000, 0x0000000085200000|  0%| F|  |TAMS 0x0000000085100000, 0x0000000085100000| Untracked 
|  64|0x0000000085200000, 0x0000000085200000, 0x0000000085300000|  0%| F|  |TAMS 0x0000000085200000, 0x0000000085200000| Untracked 
|  65|0x0000000085300000, 0x0000000085300000, 0x0000000085400000|  0%| F|  |TAMS 0x0000000085300000, 0x0000000085300000| Untracked 
|  66|0x0000000085400000, 0x0000000085400000, 0x0000000085500000|  0%| F|  |TAMS 0x0000000085400000, 0x0000000085400000| Untracked 
|  67|0x0000000085500000, 0x0000000085500000, 0x0000000085600000|  0%| F|  |TAMS 0x0000000085500000, 0x0000000085500000| Untracked 
|  68|0x0000000085600000, 0x0000000085600000, 0x0000000085700000|  0%| F|  |TAMS 0x0000000085600000, 0x0000000085600000| Untracked 
|  69|0x0000000085700000, 0x0000000085700000, 0x0000000085800000|  0%| F|  |TAMS 0x0000000085700000, 0x0000000085700000| Untracked 
|  70|0x0000000085800000, 0x0000000085800000, 0x0000000085900000|  0%| F|  |TAMS 0x0000000085800000, 0x0000000085800000| Untracked 
|  71|0x0000000085900000, 0x0000000085900000, 0x0000000085a00000|  0%| F|  |TAMS 0x0000000085900000, 0x0000000085900000| Untracked 
|  72|0x0000000085a00000, 0x0000000085a00000, 0x0000000085b00000|  0%| F|  |TAMS 0x0000000085a00000, 0x0000000085a00000| Untracked 
|  73|0x0000000085b00000, 0x0000000085b00000, 0x0000000085c00000|  0%| F|  |TAMS 0x0000000085b00000, 0x0000000085b00000| Untracked 
|  74|0x0000000085c00000, 0x0000000085c00000, 0x0000000085d00000|  0%| F|  |TAMS 0x0000000085c00000, 0x0000000085c00000| Untracked 
|  75|0x0000000085d00000, 0x0000000085d00000, 0x0000000085e00000|  0%| F|  |TAMS 0x0000000085d00000, 0x0000000085d00000| Untracked 
|  76|0x0000000085e00000, 0x0000000085e00000, 0x0000000085f00000|  0%| F|  |TAMS 0x0000000085e00000, 0x0000000085e00000| Untracked 
|  77|0x0000000085f00000, 0x0000000085f00000, 0x0000000086000000|  0%| F|  |TAMS 0x0000000085f00000, 0x0000000085f00000| Untracked 
|  78|0x0000000086000000, 0x0000000086000000, 0x0000000086100000|  0%| F|  |TAMS 0x0000000086000000, 0x0000000086000000| Untracked 
|  79|0x0000000086100000, 0x0000000086100000, 0x0000000086200000|  0%| F|  |TAMS 0x0000000086100000, 0x0000000086100000| Untracked 
|  80|0x0000000086200000, 0x0000000086200000, 0x0000000086300000|  0%| F|  |TAMS 0x0000000086200000, 0x0000000086200000| Untracked 
|  81|0x0000000086300000, 0x0000000086300000, 0x0000000086400000|  0%| F|  |TAMS 0x0000000086300000, 0x0000000086300000| Untracked 
|  82|0x0000000086400000, 0x0000000086400000, 0x0000000086500000|  0%| F|  |TAMS 0x0000000086400000, 0x0000000086400000| Untracked 
|  83|0x0000000086500000, 0x0000000086500000, 0x0000000086600000|  0%| F|  |TAMS 0x0000000086500000, 0x0000000086500000| Untracked 
|  84|0x0000000086600000, 0x0000000086600000, 0x0000000086700000|  0%| F|  |TAMS 0x0000000086600000, 0x0000000086600000| Untracked 
|  85|0x0000000086700000, 0x0000000086700000, 0x0000000086800000|  0%| F|  |TAMS 0x0000000086700000, 0x0000000086700000| Untracked 
|  86|0x0000000086800000, 0x0000000086800000, 0x0000000086900000|  0%| F|  |TAMS 0x0000000086800000, 0x0000000086800000| Untracked 
|  87|0x0000000086900000, 0x0000000086900000, 0x0000000086a00000|  0%| F|  |TAMS 0x0000000086900000, 0x0000000086900000| Untracked 
|  88|0x0000000086a00000, 0x0000000086a00000, 0x0000000086b00000|  0%| F|  |TAMS 0x0000000086a00000, 0x0000000086a00000| Untracked 
|  89|0x0000000086b00000, 0x0000000086b00000, 0x0000000086c00000|  0%| F|  |TAMS 0x0000000086b00000, 0x0000000086b00000| Untracked 
|  90|0x0000000086c00000, 0x0000000086c00000, 0x0000000086d00000|  0%| F|  |TAMS 0x0000000086c00000, 0x0000000086c00000| Untracked 
|  91|0x0000000086d00000, 0x0000000086d00000, 0x0000000086e00000|  0%| F|  |TAMS 0x0000000086d00000, 0x0000000086d00000| Untracked 
|  92|0x0000000086e00000, 0x0000000086e00000, 0x0000000086f00000|  0%| F|  |TAMS 0x0000000086e00000, 0x0000000086e00000| Untracked 
|  93|0x0000000086f00000, 0x0000000086f00000, 0x0000000087000000|  0%| F|  |TAMS 0x0000000086f00000, 0x0000000086f00000| Untracked 
|  94|0x0000000087000000, 0x0000000087000000, 0x0000000087100000|  0%| F|  |TAMS 0x0000000087000000, 0x0000000087000000| Untracked 
|  95|0x0000000087100000, 0x0000000087100000, 0x0000000087200000|  0%| F|  |TAMS 0x0000000087100000, 0x0000000087100000| Untracked 
|  96|0x0000000087200000, 0x0000000087200000, 0x0000000087300000|  0%| F|  |TAMS 0x0000000087200000, 0x0000000087200000| Untracked 
|  97|0x0000000087300000, 0x0000000087300000, 0x0000000087400000|  0%| F|  |TAMS 0x0000000087300000, 0x0000000087300000| Untracked 
|  98|0x0000000087400000, 0x0000000087400000, 0x0000000087500000|  0%| F|  |TAMS 0x0000000087400000, 0x0000000087400000| Untracked 
|  99|0x0000000087500000, 0x0000000087500000, 0x0000000087600000|  0%| F|  |TAMS 0x0000000087500000, 0x0000000087500000| Untracked 
| 100|0x0000000087600000, 0x0000000087600000, 0x0000000087700000|  0%| F|  |TAMS 0x0000000087600000, 0x0000000087600000| Untracked 
| 101|0x0000000087700000, 0x0000000087700000, 0x0000000087800000|  0%| F|  |TAMS 0x0000000087700000, 0x0000000087700000| Untracked 
| 102|0x0000000087800000, 0x0000000087800000, 0x0000000087900000|  0%| F|  |TAMS 0x0000000087800000, 0x0000000087800000| Untracked 
| 103|0x0000000087900000, 0x0000000087900000, 0x0000000087a00000|  0%| F|  |TAMS 0x0000000087900000, 0x0000000087900000| Untracked 
| 104|0x0000000087a00000, 0x0000000087a00000, 0x0000000087b00000|  0%| F|  |TAMS 0x0000000087a00000, 0x0000000087a00000| Untracked 
| 105|0x0000000087b00000, 0x0000000087b00000, 0x0000000087c00000|  0%| F|  |TAMS 0x0000000087b00000, 0x0000000087b00000| Untracked 
| 106|0x0000000087c00000, 0x0000000087c00000, 0x0000000087d00000|  0%| F|  |TAMS 0x0000000087c00000, 0x0000000087c00000| Untracked 
| 107|0x0000000087d00000, 0x0000000087d00000, 0x0000000087e00000|  0%| F|  |TAMS 0x0000000087d00000, 0x0000000087d00000| Untracked 
| 108|0x0000000087e00000, 0x0000000087e00000, 0x0000000087f00000|  0%| F|  |TAMS 0x0000000087e00000, 0x0000000087e00000| Untracked 
| 109|0x0000000087f00000, 0x0000000087f00000, 0x0000000088000000|  0%| F|  |TAMS 0x0000000087f00000, 0x0000000087f00000| Untracked 
| 110|0x0000000088000000, 0x0000000088000000, 0x0000000088100000|  0%| F|  |TAMS 0x0000000088000000, 0x0000000088000000| Untracked 
| 111|0x0000000088100000, 0x0000000088100000, 0x0000000088200000|  0%| F|  |TAMS 0x0000000088100000, 0x0000000088100000| Untracked 
| 112|0x0000000088200000, 0x0000000088200000, 0x0000000088300000|  0%| F|  |TAMS 0x0000000088200000, 0x0000000088200000| Untracked 
| 113|0x0000000088300000, 0x0000000088300000, 0x0000000088400000|  0%| F|  |TAMS 0x0000000088300000, 0x0000000088300000| Untracked 
| 114|0x0000000088400000, 0x0000000088400000, 0x0000000088500000|  0%| F|  |TAMS 0x0000000088400000, 0x0000000088400000| Untracked 
| 115|0x0000000088500000, 0x0000000088500000, 0x0000000088600000|  0%| F|  |TAMS 0x0000000088500000, 0x0000000088500000| Untracked 
| 116|0x0000000088600000, 0x0000000088600000, 0x0000000088700000|  0%| F|  |TAMS 0x0000000088600000, 0x0000000088600000| Untracked 
| 117|0x0000000088700000, 0x0000000088700000, 0x0000000088800000|  0%| F|  |TAMS 0x0000000088700000, 0x0000000088700000| Untracked 
| 118|0x0000000088800000, 0x0000000088800000, 0x0000000088900000|  0%| F|  |TAMS 0x0000000088800000, 0x0000000088800000| Untracked 
| 119|0x0000000088900000, 0x0000000088900000, 0x0000000088a00000|  0%| F|  |TAMS 0x0000000088900000, 0x0000000088900000| Untracked 
| 120|0x0000000088a00000, 0x0000000088a00000, 0x0000000088b00000|  0%| F|  |TAMS 0x0000000088a00000, 0x0000000088a00000| Untracked 
| 121|0x0000000088b00000, 0x0000000088b00000, 0x0000000088c00000|  0%| F|  |TAMS 0x0000000088b00000, 0x0000000088b00000| Untracked 
| 122|0x0000000088c00000, 0x0000000088c00000, 0x0000000088d00000|  0%| F|  |TAMS 0x0000000088c00000, 0x0000000088c00000| Untracked 
| 123|0x0000000088d00000, 0x0000000088dc91d8, 0x0000000088e00000| 78%| E|  |TAMS 0x0000000088d00000, 0x0000000088d00000| Complete 
| 124|0x0000000088e00000, 0x0000000088f00000, 0x0000000088f00000|100%| E|CS|TAMS 0x0000000088e00000, 0x0000000088e00000| Complete 
| 125|0x0000000088f00000, 0x0000000089000000, 0x0000000089000000|100%| E|CS|TAMS 0x0000000088f00000, 0x0000000088f00000| Complete 
| 126|0x0000000089000000, 0x0000000089100000, 0x0000000089100000|100%| E|CS|TAMS 0x0000000089000000, 0x0000000089000000| Complete 
| 127|0x0000000089100000, 0x0000000089200000, 0x0000000089200000|100%| E|CS|TAMS 0x0000000089100000, 0x0000000089100000| Complete 

Card table byte_map: [0x000000be21e70000,0x000000be22270000] _byte_map_base: 0x000000be21a67000

Marking Bits (Prev, Next): (CMBitMap*) 0x000000be0b28cf60, (CMBitMap*) 0x000000be0b28cfa0
 Prev Bits: [0x000000be22670000, 0x000000be24628000)
 Next Bits: [0x000000be24630000, 0x000000be265e8000)

Polling page: 0x000000be09290000

Metaspace:

Usage:
  Non-class:    407.58 KB used.
      Class:     18.34 KB used.
       Both:    425.92 KB used.

Virtual space:
  Non-class space:        8.00 MB reserved,     448.00 KB (  5%) committed,  1 nodes.
      Class space:        1.00 GB reserved,     128.00 KB ( <1%) committed,  1 nodes.
             Both:        1.01 GB reserved,     576.00 KB ( <1%) committed. 

Chunk freelists:
   Non-Class:  3.92 MB
       Class:  3.74 MB
        Both:  7.66 MB

MaxMetaspaceSize: unlimited
CompressedClassSpaceSize: 1.00 GB
Initial GC threshold: 21.00 MB
Current GC threshold: 21.00 MB
CDS: on
MetaspaceReclaimPolicy: balanced
 - commit_granule_bytes: 65536.
 - commit_granule_words: 8192.
 - virtual_space_node_default_size: 1048576.
 - enlarge_chunks_in_place: 1.
 - new_chunks_are_fully_committed: 0.
 - uncommit_free_chunks: 1.
 - use_allocation_guard: 0.
 - handle_deallocations: 1.


Internal statistics:

num_allocs_failed_limit: 0.
num_arena_births: 4.
num_arena_deaths: 0.
num_vsnodes_births: 2.
num_vsnodes_deaths: 0.
num_space_committed: 9.
num_space_uncommitted: 0.
num_chunks_returned_to_freelist: 0.
num_chunks_taken_from_freelist: 10.
num_chunk_merges: 0.
num_chunk_splits: 6.
num_chunks_enlarged: 5.
num_purges: 0.
num_inconsistent_stats: 0.

CodeHeap 'non-profiled nmethods': size=120000Kb used=58Kb max_used=58Kb free=119941Kb
 bounds [0x000000be1a540000, 0x000000be1a7b0000, 0x000000be21a70000]
CodeHeap 'profiled nmethods': size=120000Kb used=350Kb max_used=350Kb free=119649Kb
 bounds [0x000000be13010000, 0x000000be13280000, 0x000000be1a540000]
CodeHeap 'non-nmethods': size=5760Kb used=1058Kb max_used=1072Kb free=4702Kb
 bounds [0x000000be12a70000, 0x000000be12ce0000, 0x000000be13010000]
 total_blobs=564 nmethods=245 adapters=232
 compilation: enabled
              stopped_count=0, restarted_count=0
 full_count=0

Compilation events (20 events):
Event: 0.557 Thread 0x000000be28e1c080 nmethod 235 0x000000be1a54dc90 code [0x000000be1a54de20, 0x000000be1a54def8]
Event: 0.565 Thread 0x000000be28e1c080  236   !   3       jdk.internal.loader.URLClassPath$JarLoader::ensureOpen (36 bytes)
Event: 0.565 Thread 0x000000be28dbc6f0  239       4       java.lang.String::indexOf (29 bytes)
Event: 0.565 Thread 0x000000be28e1c080 nmethod 236 0x000000be13060410 code [0x000000be13060600, 0x000000be13060d28]
Event: 0.565 Thread 0x000000be28e1c080  237   !   3       java.util.zip.ZipFile$Source::getEntryPos (173 bytes)
Event: 0.566 Thread 0x000000be28dbc6f0 nmethod 239 0x000000be1a54df90 code [0x000000be1a54e120, 0x000000be1a54e338]
Event: 0.566 Thread 0x000000be28dbc6f0  240       4       java.lang.StringLatin1::indexOf (36 bytes)
Event: 0.567 Thread 0x000000be28e1c080 nmethod 237 0x000000be13060f10 code [0x000000be13061200, 0x000000be130622a8]
Event: 0.567 Thread 0x000000be28e1c080  238       3       java.util.zip.ZipCoder::hash (36 bytes)
Event: 0.567 Thread 0x000000be28e1c080 nmethod 238 0x000000be13062c90 code [0x000000be13062ea0, 0x000000be130635c8]
Event: 0.567 Thread 0x000000be28dbc6f0 nmethod 240 0x000000be1a54e490 code [0x000000be1a54e600, 0x000000be1a54e7b8]
Event: 0.567 Thread 0x000000be28e1c080  241       3       java.util.ArrayList::get (15 bytes)
Event: 0.567 Thread 0x000000be28e1c080 nmethod 241 0x000000be13063890 code [0x000000be13063a60, 0x000000be13063d88]
Event: 0.568 Thread 0x000000be28e1c080  242       3       java.util.Objects::checkIndex (7 bytes)
Event: 0.568 Thread 0x000000be28e1c080 nmethod 242 0x000000be13063f10 code [0x000000be130640c0, 0x000000be130642c8]
Event: 0.568 Thread 0x000000be28e1c080  243       3       java.lang.String::substring (58 bytes)
Event: 0.569 Thread 0x000000be28e1c080 nmethod 243 0x000000be13064410 code [0x000000be13064600, 0x000000be13064aa8]
Event: 0.569 Thread 0x000000be28e1c080  244  s!   3       jdk.internal.loader.URLClassPath::getLoader (194 bytes)
Event: 0.570 Thread 0x000000be28e1c080 nmethod 244 0x000000be13064c90 code [0x000000be13064fa0, 0x000000be13066388]
Event: 0.570 Thread 0x000000be28e1c080  245   !   3       jdk.internal.loader.URLClassPath$JarLoader::getResource (65 bytes)

GC Heap History (0 events):
No events

Deoptimization events (8 events):
Event: 0.325 Thread 0x000000be0b250aa0 Uncommon trap: trap_request=0xffffff45 fr.pc=0x000000be1a5412f4 relative=0x0000000000000074
Event: 0.325 Thread 0x000000be0b250aa0 Uncommon trap: reason=unstable_if action=reinterpret pc=0x000000be1a5412f4 method=java.lang.String.isLatin1()Z @ 10 c2
Event: 0.325 Thread 0x000000be0b250aa0 DEOPT PACKING pc=0x000000be1a5412f4 sp=0x000000be0928ecc0
Event: 0.325 Thread 0x000000be0b250aa0 DEOPT UNPACKING pc=0x000000be12ac23a3 sp=0x000000be0928ec00 mode 2
Event: 0.393 Thread 0x000000be0b250aa0 DEOPT PACKING pc=0x000000be1302bb67 sp=0x000000be0928a500
Event: 0.393 Thread 0x000000be0b250aa0 DEOPT UNPACKING pc=0x000000be12ac2b43 sp=0x000000be09289920 mode 0
Event: 0.428 Thread 0x000000be0b250aa0 DEOPT PACKING pc=0x000000be130177d1 sp=0x000000be0928a020
Event: 0.428 Thread 0x000000be0b250aa0 DEOPT UNPACKING pc=0x000000be12ac2b43 sp=0x000000be09289498 mode 0

Classes unloaded (0 events):
No events

Classes redefined (0 events):
No events

Internal exceptions (0 events):
No events

VM Operations (2 events):
Event: 0.341 Executing VM operation: HandshakeAllThreads
Event: 0.341 Executing VM operation: HandshakeAllThreads done

Events (20 events):
Event: 0.345 loading class jdk/internal/loader/URLClassPath$FileLoader
Event: 0.345 loading class jdk/internal/loader/URLClassPath$FileLoader done
Event: 0.360 loading class sun/nio/cs/UTF_8$Decoder
Event: 0.360 loading class sun/nio/cs/UTF_8$Decoder done
Event: 0.409 loading class java/io/FileNotFoundException
Event: 0.410 loading class java/io/IOException
Event: 0.410 loading class java/io/IOException done
Event: 0.410 loading class java/io/FileNotFoundException done
Event: 0.410 loading class java/security/PrivilegedActionException
Event: 0.410 loading class java/security/PrivilegedActionException done
Event: 0.434 loading class java/io/BufferedReader
Event: 0.434 loading class java/io/Reader
Event: 0.434 loading class java/io/Reader done
Event: 0.434 loading class java/io/BufferedReader done
Event: 0.434 loading class java/io/InputStreamReader
Event: 0.434 loading class java/io/InputStreamReader done
Event: 0.434 loading class sun/nio/cs/StreamDecoder
Event: 0.434 loading class sun/nio/cs/StreamDecoder done
Event: 0.434 loading class java/util/Vector
Event: 0.435 loading class java/util/Vector done


Dynamic libraries:
0x00007ff732f70000 - 0x00007ff732f80000 	C:\Program Files\Java\jdk-17.0.2\bin\javaw.exe
0x00007ff941330000 - 0x00007ff9414dd000 	C:\windows\SYSTEM32\ntdll.dll
0x00007ff93f1e0000 - 0x00007ff93f31e000 	C:\windows\system32\KERNEL32.DLL
0x00007ff93e700000 - 0x00007ff93e815000 	C:\windows\system32\KERNELBASE.dll
0x00007ff937d70000 - 0x00007ff937d88000 	C:\Program Files\Java\jdk-17.0.2\bin\jli.dll
0x00007ff937d00000 - 0x00007ff937d1a000 	C:\Program Files\Java\jdk-17.0.2\bin\VCRUNTIME140.dll
0x00007ff937da0000 - 0x00007ff937da4000 	C:\Program Files\Java\jdk-17.0.2\bin\api-ms-win-crt-stdio-l1-1-0.dll
0x00007ff937cf0000 - 0x00007ff937cf4000 	C:\Program Files\Java\jdk-17.0.2\bin\api-ms-win-crt-runtime-l1-1-0.dll
0x00007ff937b30000 - 0x00007ff937b33000 	C:\Program Files\Java\jdk-17.0.2\bin\api-ms-win-crt-environment-l1-1-0.dll
0x00007ff937b20000 - 0x00007ff937b25000 	C:\Program Files\Java\jdk-17.0.2\bin\api-ms-win-crt-math-l1-1-0.dll
0x00007ff937af0000 - 0x00007ff937af3000 	C:\Program Files\Java\jdk-17.0.2\bin\api-ms-win-crt-locale-l1-1-0.dll
0x00007ff935ad0000 - 0x00007ff935ad3000 	C:\Program Files\Java\jdk-17.0.2\bin\api-ms-win-crt-heap-l1-1-0.dll
0x00007ff941270000 - 0x00007ff94131a000 	C:\windows\system32\ADVAPI32.dll
0x00007ff93bbb0000 - 0x00007ff93be2b000 	C:\windows\WinSxS\amd64_microsoft.windows.common-controls_6595b64144ccf1df_6.0.9600.18006_none_623f33d3ecbe86e8\COMCTL32.dll
0x00007ff93ef10000 - 0x00007ff93f087000 	C:\windows\system32\USER32.dll
0x00007ff93a1c0000 - 0x00007ff93a1ca000 	C:\windows\SYSTEM32\VERSION.dll
0x00007ff935920000 - 0x00007ff935923000 	C:\Program Files\Java\jdk-17.0.2\bin\api-ms-win-crt-filesystem-l1-1-0.dll
0x00007ff935910000 - 0x00007ff935914000 	C:\Program Files\Java\jdk-17.0.2\bin\api-ms-win-crt-string-l1-1-0.dll
0x00007ff935700000 - 0x00007ff935704000 	C:\Program Files\Java\jdk-17.0.2\bin\api-ms-win-crt-convert-l1-1-0.dll
0x00007ff940c90000 - 0x00007ff940d3a000 	C:\windows\system32\msvcrt.dll
0x00007ff940f60000 - 0x00007ff940fb9000 	C:\windows\SYSTEM32\sechost.dll
0x00007ff93ed50000 - 0x00007ff93ee90000 	C:\windows\system32\RPCRT4.dll
0x00007ff93f090000 - 0x00007ff93f1df000 	C:\windows\system32\GDI32.dll
0x00007ff932de0000 - 0x00007ff932eda000 	C:\Program Files\Java\jdk-17.0.2\bin\ucrtbase.DLL
0x00007ff93e980000 - 0x00007ff93e9ae000 	C:\windows\system32\SspiCli.dll
0x00007ff93e9b0000 - 0x00007ff93e9e6000 	C:\windows\system32\IMM32.DLL
0x00007ff940ac0000 - 0x00007ff940c12000 	C:\windows\system32\MSCTF.dll
0x00007ff9356d0000 - 0x00007ff9356dc000 	C:\Program Files\Java\jdk-17.0.2\bin\vcruntime140_1.dll
0x00007ff934050000 - 0x00007ff9340dd000 	C:\Program Files\Java\jdk-17.0.2\bin\msvcp140.dll
0x00007ff9356c0000 - 0x00007ff9356c3000 	C:\Program Files\Java\jdk-17.0.2\bin\api-ms-win-crt-time-l1-1-0.dll
0x00007ff935320000 - 0x00007ff935323000 	C:\Program Files\Java\jdk-17.0.2\bin\api-ms-win-crt-utility-l1-1-0.dll
0x00007ff906f40000 - 0x00007ff907b01000 	C:\Program Files\Java\jdk-17.0.2\bin\server\jvm.dll
0x00007ff9278e0000 - 0x00007ff9278e9000 	C:\windows\SYSTEM32\WSOCK32.dll
0x00007ff929670000 - 0x00007ff929692000 	C:\windows\SYSTEM32\WINMM.dll
0x00007ff93ef00000 - 0x00007ff93ef07000 	C:\windows\system32\PSAPI.DLL
0x00007ff940a60000 - 0x00007ff940aba000 	C:\windows\system32\WS2_32.dll
0x00007ff929640000 - 0x00007ff92966a000 	C:\windows\SYSTEM32\WINMMBASE.dll
0x00007ff93eef0000 - 0x00007ff93eef9000 	C:\windows\system32\NSI.dll
0x00007ff93e930000 - 0x00007ff93e97f000 	C:\windows\SYSTEM32\cfgmgr32.dll
0x00007ff93d280000 - 0x00007ff93d2a8000 	C:\windows\SYSTEM32\DEVOBJ.dll
0x00007ff93c380000 - 0x00007ff93c38a000 	C:\Program Files\Java\jdk-17.0.2\bin\jimage.dll
0x00007ff938130000 - 0x00007ff9382b9000 	C:\windows\SYSTEM32\DBGHELP.DLL
0x00007ff93c350000 - 0x00007ff93c375000 	C:\Program Files\Java\jdk-17.0.2\bin\java.dll
0x00007ff93c270000 - 0x00007ff93c346000 	C:\Program Files\Java\jdk-17.0.2\bin\jsvml.dll
0x00007ff93f330000 - 0x00007ff940858000 	C:\windows\system32\SHELL32.dll
0x00007ff940d40000 - 0x00007ff940f51000 	C:\windows\SYSTEM32\combase.dll
0x00007ff93ee90000 - 0x00007ff93eee4000 	C:\windows\system32\SHLWAPI.dll
0x00007ff93ca50000 - 0x00007ff93cb02000 	C:\windows\SYSTEM32\SHCORE.dll
0x00007ff93e450000 - 0x00007ff93e465000 	C:\windows\SYSTEM32\profapi.dll
0x00007ff93b8a0000 - 0x00007ff93b8b9000 	C:\Program Files\Java\jdk-17.0.2\bin\net.dll
0x00007ff925e20000 - 0x00007ff925ee7000 	C:\windows\SYSTEM32\WINHTTP.dll
0x00007ff93dc90000 - 0x00007ff93dce9000 	C:\windows\system32\mswsock.dll
0x00007ff939470000 - 0x00007ff939486000 	C:\Program Files\Java\jdk-17.0.2\bin\nio.dll
0x00007ff938000000 - 0x00007ff938018000 	C:\Program Files\Java\jdk-17.0.2\bin\zip.dll

dbghelp: loaded successfully - version: 4.0.5 - missing functions: none
symbol engine: initialized successfully - sym options: 0x614 - pdb path: .;C:\Program Files\Java\jdk-17.0.2\bin;C:\windows\SYSTEM32;C:\windows\WinSxS\amd64_microsoft.windows.common-controls_6595b64144ccf1df_6.0.9600.18006_none_623f33d3ecbe86e8;C:\Program Files\Java\jdk-17.0.2\bin\server

VM Arguments:
jvm_args: -ea -Dfile.encoding=Cp1252 -XX:+ShowCodeDetailsInExceptionMessages 
java_command: org.testng.remote.RemoteTestNG -serport 61625 -protocol json -d C:\Users\tgandhi\eclipse-workspace\Netship_s\test-output C:\Users\tgandhi\AppData\Local\Temp\testng-eclipse-1491602345\testng-customsuite.xml
java_class_path (initial): C:\Users\tgandhi\eclipse\java-2021-12\eclipse\configuration\org.eclipse.osgi\435\0\.cp\lib\testng-remote.jar;C:\Users\tgandhi\eclipse-workspace\Netship_s\bin;D:\Tathya\selenium\jar_files\cglib-nodep-3.2.4.jar;D:\Tathya\selenium\jar_files\commons-codec-1.10.jar;D:\Tathya\selenium\jar_files\commons-exec-1.3.jar;D:\Tathya\selenium\jar_files\commons-logging-1.2.jar;D:\Tathya\selenium\jar_files\gson-2.8.0.jar;D:\Tathya\selenium\jar_files\guava-21.0.jar;D:\Tathya\selenium\jar_files\httpclient-4.5.3.jar;D:\Tathya\selenium\jar_files\httpcore-4.4.6.jar;D:\Tathya\selenium\jar_files\jna-4.1.0.jar;D:\Tathya\selenium\jar_files\jna-platform-4.1.0.jar;D:\Tathya\selenium\jar_files\selenium-api-3.4.0.jar;D:\Tathya\selenium\jar_files\selenium-chrome-driver-3.4.0.jar;D:\Tathya\selenium\jar_files\selenium-remote-driver-3.4.0.jar;D:\Tathya\selenium\Webdriver All Jar Files-20210819T041950Z-001\Webdriver All Jar Files\activation-1.1.1.jar;D:\Tathya\selenium\Webdriver All Jar Files-20210819T041950Z-001\Webdriver All Jar Files\byte-buddy-1.8.3.jar;D:\Tathya\selenium\Webdriver All Jar Files-20210819T041950Z-001\Webdriver All Jar Files\byte-buddy-1.8.15.jar;D:\Tathya\selenium\Webdriver All Jar Files-20210819T041950Z-001\Webdriver All Jar Files\client-combined-3.13.0.jar;D:\Tathya\selenium\Webdriver All Jar Files-20210819T041950Z-001\Webdriver All Jar Files\client-combined-3.13.0-sources.jar;D:\Tathya\selenium\Webdriver All Jar Files-20210819T041950Z-001\Webdriver All Jar Files\client-combined-3.141.59.jar;D:\Tathya\selenium\Webdriver All Jar Files-20210819T041950Z-001\Webdriver All Jar Files\client-combined-3.141.59-sources.jar;D:\Tathya\selenium\Webdriver All Jar Files-20210819T041950Z-001\Webdriver All Jar Files\commons-codec-1.10.jar;D:\Tathya\selenium\Webdriver All Jar Files-20210819T041950Z-001\Webdriver All Jar Files\commons-codec-1.13.jar;D:\Tathya\selenium\Webdriver All Jar Files-20210819T041950Z-001\Webdriver All Jar Files\commons-collections4-4.1.jar;D:\
Launcher Type: SUN_STANDARD

[Global flags]
     intx CICompilerCount                          = 3                                         {product} {ergonomic}
     uint ConcGCThreads                            = 1                                         {product} {ergonomic}
     uint G1ConcRefinementThreads                  = 4                                         {product} {ergonomic}
   size_t G1HeapRegionSize                         = 1048576                                   {product} {ergonomic}
    uintx GCDrainStackTargetSize                   = 64                                        {product} {ergonomic}
   size_t InitialHeapSize                          = 134217728                                 {product} {ergonomic}
   size_t MarkStackSize                            = 4194304                                   {product} {ergonomic}
   size_t MaxHeapSize                              = 2128609280                                {product} {ergonomic}
   size_t MaxNewSize                               = 1277165568                                {product} {ergonomic}
   size_t MinHeapDeltaBytes                        = 1048576                                   {product} {ergonomic}
   size_t MinHeapSize                              = 8388608                                   {product} {ergonomic}
    uintx NonNMethodCodeHeapSize                   = 5832780                                {pd product} {ergonomic}
    uintx NonProfiledCodeHeapSize                  = 122912730                              {pd product} {ergonomic}
    uintx ProfiledCodeHeapSize                     = 122912730                              {pd product} {ergonomic}
    uintx ReservedCodeCacheSize                    = 251658240                              {pd product} {ergonomic}
     bool SegmentedCodeCache                       = true                                      {product} {ergonomic}
     bool ShowCodeDetailsInExceptionMessages       = true                                   {manageable} {command line}
   size_t SoftMaxHeapSize                          = 2128609280                             {manageable} {ergonomic}
     bool UseCompressedClassPointers               = true                           {product lp64_product} {ergonomic}
     bool UseCompressedOops                        = true                           {product lp64_product} {ergonomic}
     bool UseG1GC                                  = true                                      {product} {ergonomic}
     bool UseLargePagesIndividualAllocation        = false                                  {pd product} {ergonomic}

Logging:
Log output configuration:
 #0: stdout all=warning uptime,level,tags
 #1: stderr all=off uptime,level,tags

Environment Variables:
JAVA_HOME=C:\Program Files\Java\jdk-17.0.2\bin
PATH=C:/Program Files/Java/jdk-17.0.2/bin/server;C:/Program Files/Java/jdk-17.0.2/bin;C:\Program Files\Common Files\Oracle\Java\javapath;c:\Program Files (x86)\Intel\iCLS Client\;c:\Program Files\Intel\iCLS Client\;C:\windows\system32;C:\windows;C:\windows\System32\Wbem;C:\windows\System32\WindowsPowerShell\v1.0\;C:\Program Files\Intel\Intel(R) Management Engine Components\DAL;C:\Program Files\Intel\Intel(R) Management Engine Components\IPT;C:\Program Files (x86)\Intel\Intel(R) Management Engine Components\DAL;C:\Program Files (x86)\Intel\Intel(R) Management Engine Components\IPT;C:\Program Files\Microsoft\Web Platform Installer\;C:\Program Files\Microsoft SQL Server\110\Tools\Binn\;C:\Program Files\Microsoft SQL Server\120\Tools\Binn\;C:\Program Files\Microsoft DNX\Dnvm\;C:\Program Files (x86)\Microsoft SQL Server\Client SDK\ODBC\110\Tools\Binn\;C:\Program Files (x86)\Microsoft SQL Server\120\Tools\Binn\ManagementStudio\;C:\Program Files (x86)\Microsoft SQL Server\120\Tools\Binn\;C:\Program Files (x86)\Microsoft SQL Server\120\DTS\Binn\;C:\Program Files\nodejs\;C:\Program Files\Microsoft SQL Server\130\Tools\Binn\;C:\Program Files\Java\jdk-17.0.2\bin;C:\Users\tgandhi\eclipse\java-2021-12\eclipse;
USERNAME=tgandhi
OS=Windows_NT
PROCESSOR_IDENTIFIER=Intel64 Family 6 Model 60 Stepping 3, GenuineIntel



---------------  S Y S T E M  ---------------

OS:
 Windows 8.1 , 64 bit Build 9600 (6.3.9600.17415)
OS uptime: 13 days 7:43 hours

CPU: total 4 (initial active 4) (2 cores per cpu, 2 threads per core) family 6 model 60 stepping 3 microcode 0x1a, cx8, cmov, fxsr, ht, mmx, sse, sse2, sse3, ssse3, sse4.1, sse4.2, popcnt, lzcnt, tsc, tscinvbit, avx, avx2, aes, erms, clmul, bmi1, bmi2, rtm, fma, vzeroupper, clflush

Memory: 4k page, system-wide physical 8114M (1859M free)
TotalPageFile size 11186M (AvailPageFile size 217M)
current process WorkingSet (physical memory assigned to process): 35M, peak: 35M
current process commit charge ("private bytes"): 203M, peak: 203M

vm_info: Java HotSpot(TM) 64-Bit Server VM (17.0.2+8-LTS-86) for windows-amd64 JRE (17.0.2+8-LTS-86), built on Dec  7 2021 21:51:03 by "mach5one" with MS VC++ 16.8 / 16.9 (VS2019)

END.
